[2021-05-24 17:00:35,128] {scheduler_job.py:154} INFO - Started process (PID=302) to work on /Users/dhrebenach/Documents/python/UdacityDataEng/Projects/Data_Pipelines/dags/udac_example_dag.py
[2021-05-24 17:00:35,135] {scheduler_job.py:1562} INFO - Processing file /Users/dhrebenach/Documents/python/UdacityDataEng/Projects/Data_Pipelines/dags/udac_example_dag.py for tasks to queue
[2021-05-24 17:00:35,137] {logging_mixin.py:112} INFO - [2021-05-24 17:00:35,136] {dagbag.py:396} INFO - Filling up the DagBag from /Users/dhrebenach/Documents/python/UdacityDataEng/Projects/Data_Pipelines/dags/udac_example_dag.py
[2021-05-24 17:00:35,146] {scheduler_job.py:1574} INFO - DAG(s) dict_keys(['udac_example_dag']) retrieved from /Users/dhrebenach/Documents/python/UdacityDataEng/Projects/Data_Pipelines/dags/udac_example_dag.py
[2021-05-24 17:00:35,172] {scheduler_job.py:1284} INFO - Processing udac_example_dag
[2021-05-24 17:00:35,204] {scheduler_job.py:1294} INFO - Created <DagRun udac_example_dag @ 2019-01-12T16:00:00+00:00: scheduled__2019-01-12T16:00:00+00:00, externally triggered: False>
[2021-05-24 17:00:35,207] {scheduler_job.py:759} INFO - Examining DAG run <DagRun udac_example_dag @ 2019-01-12 15:00:00+00:00: scheduled__2019-01-12T15:00:00+00:00, externally triggered: False>
[2021-05-24 17:00:35,217] {logging_mixin.py:112} INFO - [2021-05-24 17:00:35,217] {dagrun.py:318} INFO - Marking run <DagRun udac_example_dag @ 2019-01-12 15:00:00+00:00: scheduled__2019-01-12T15:00:00+00:00, externally triggered: False> successful
[2021-05-24 17:00:35,219] {scheduler_job.py:759} INFO - Examining DAG run <DagRun udac_example_dag @ 2019-01-12 16:00:00+00:00: scheduled__2019-01-12T16:00:00+00:00, externally triggered: False>
[2021-05-24 17:00:35,231] {scheduler_job.py:447} INFO - Skipping SLA check for <DAG: udac_example_dag> because no tasks in DAG have SLAs
[2021-05-24 17:00:35,234] {scheduler_job.py:1640} INFO - Creating / updating <TaskInstance: udac_example_dag.Begin_execution 2019-01-12 16:00:00+00:00 [success]> in ORM
[2021-05-24 17:00:35,237] {scheduler_job.py:1640} INFO - Creating / updating <TaskInstance: udac_example_dag.Stage_events 2019-01-12 16:00:00+00:00 [scheduled]> in ORM
[2021-05-24 17:00:35,240] {scheduler_job.py:1640} INFO - Creating / updating <TaskInstance: udac_example_dag.Stage_songs 2019-01-12 16:00:00+00:00 [scheduled]> in ORM
[2021-05-24 17:00:35,243] {scheduler_job.py:1640} INFO - Creating / updating <TaskInstance: udac_example_dag.Load_songplays_fact_table 2019-01-12 16:00:00+00:00 [scheduled]> in ORM
[2021-05-24 17:00:35,246] {scheduler_job.py:1640} INFO - Creating / updating <TaskInstance: udac_example_dag.Load_user_dim_table 2019-01-12 16:00:00+00:00 [scheduled]> in ORM
[2021-05-24 17:00:35,249] {scheduler_job.py:1640} INFO - Creating / updating <TaskInstance: udac_example_dag.Load_song_dim_table 2019-01-12 16:00:00+00:00 [scheduled]> in ORM
[2021-05-24 17:00:35,252] {scheduler_job.py:1640} INFO - Creating / updating <TaskInstance: udac_example_dag.Load_artist_dim_table 2019-01-12 16:00:00+00:00 [scheduled]> in ORM
[2021-05-24 17:00:35,255] {scheduler_job.py:1640} INFO - Creating / updating <TaskInstance: udac_example_dag.Load_time_dim_table 2019-01-12 16:00:00+00:00 [scheduled]> in ORM
[2021-05-24 17:00:35,258] {scheduler_job.py:1640} INFO - Creating / updating <TaskInstance: udac_example_dag.Run_data_quality_checks 2019-01-12 16:00:00+00:00 [scheduled]> in ORM
[2021-05-24 17:00:35,261] {scheduler_job.py:1640} INFO - Creating / updating <TaskInstance: udac_example_dag.Stop_execution 2019-01-12 16:00:00+00:00 [success]> in ORM
[2021-05-24 17:00:35,268] {scheduler_job.py:162} INFO - Processing /Users/dhrebenach/Documents/python/UdacityDataEng/Projects/Data_Pipelines/dags/udac_example_dag.py took 0.141 seconds
[2021-05-24 17:03:00,444] {scheduler_job.py:154} INFO - Started process (PID=422) to work on /Users/dhrebenach/Documents/python/UdacityDataEng/Projects/Data_Pipelines/dags/udac_example_dag.py
[2021-05-24 17:03:00,452] {scheduler_job.py:1562} INFO - Processing file /Users/dhrebenach/Documents/python/UdacityDataEng/Projects/Data_Pipelines/dags/udac_example_dag.py for tasks to queue
[2021-05-24 17:03:00,453] {logging_mixin.py:112} INFO - [2021-05-24 17:03:00,453] {dagbag.py:396} INFO - Filling up the DagBag from /Users/dhrebenach/Documents/python/UdacityDataEng/Projects/Data_Pipelines/dags/udac_example_dag.py
[2021-05-24 17:03:00,460] {scheduler_job.py:1574} INFO - DAG(s) dict_keys(['udac_example_dag']) retrieved from /Users/dhrebenach/Documents/python/UdacityDataEng/Projects/Data_Pipelines/dags/udac_example_dag.py
[2021-05-24 17:03:00,484] {scheduler_job.py:1284} INFO - Processing udac_example_dag
[2021-05-24 17:03:00,510] {scheduler_job.py:1294} INFO - Created <DagRun udac_example_dag @ 2019-01-12T17:00:00+00:00: scheduled__2019-01-12T17:00:00+00:00, externally triggered: False>
[2021-05-24 17:03:00,514] {scheduler_job.py:759} INFO - Examining DAG run <DagRun udac_example_dag @ 2019-01-12 16:00:00+00:00: scheduled__2019-01-12T16:00:00+00:00, externally triggered: False>
[2021-05-24 17:03:00,521] {logging_mixin.py:112} INFO - [2021-05-24 17:03:00,520] {dagrun.py:318} INFO - Marking run <DagRun udac_example_dag @ 2019-01-12 16:00:00+00:00: scheduled__2019-01-12T16:00:00+00:00, externally triggered: False> successful
[2021-05-24 17:03:00,523] {scheduler_job.py:759} INFO - Examining DAG run <DagRun udac_example_dag @ 2019-01-12 17:00:00+00:00: scheduled__2019-01-12T17:00:00+00:00, externally triggered: False>
[2021-05-24 17:03:00,534] {scheduler_job.py:447} INFO - Skipping SLA check for <DAG: udac_example_dag> because no tasks in DAG have SLAs
[2021-05-24 17:03:00,537] {scheduler_job.py:1640} INFO - Creating / updating <TaskInstance: udac_example_dag.Begin_execution 2019-01-12 17:00:00+00:00 [success]> in ORM
[2021-05-24 17:03:00,541] {scheduler_job.py:1640} INFO - Creating / updating <TaskInstance: udac_example_dag.Stage_events 2019-01-12 17:00:00+00:00 [scheduled]> in ORM
[2021-05-24 17:03:00,544] {scheduler_job.py:1640} INFO - Creating / updating <TaskInstance: udac_example_dag.Stage_songs 2019-01-12 17:00:00+00:00 [scheduled]> in ORM
[2021-05-24 17:03:00,547] {scheduler_job.py:1640} INFO - Creating / updating <TaskInstance: udac_example_dag.Load_songplays_fact_table 2019-01-12 17:00:00+00:00 [scheduled]> in ORM
[2021-05-24 17:03:00,550] {scheduler_job.py:1640} INFO - Creating / updating <TaskInstance: udac_example_dag.Load_user_dim_table 2019-01-12 17:00:00+00:00 [scheduled]> in ORM
[2021-05-24 17:03:00,553] {scheduler_job.py:1640} INFO - Creating / updating <TaskInstance: udac_example_dag.Load_song_dim_table 2019-01-12 17:00:00+00:00 [scheduled]> in ORM
[2021-05-24 17:03:00,556] {scheduler_job.py:1640} INFO - Creating / updating <TaskInstance: udac_example_dag.Load_artist_dim_table 2019-01-12 17:00:00+00:00 [scheduled]> in ORM
[2021-05-24 17:03:00,559] {scheduler_job.py:1640} INFO - Creating / updating <TaskInstance: udac_example_dag.Load_time_dim_table 2019-01-12 17:00:00+00:00 [scheduled]> in ORM
[2021-05-24 17:03:00,562] {scheduler_job.py:1640} INFO - Creating / updating <TaskInstance: udac_example_dag.Run_data_quality_checks 2019-01-12 17:00:00+00:00 [scheduled]> in ORM
[2021-05-24 17:03:00,565] {scheduler_job.py:1640} INFO - Creating / updating <TaskInstance: udac_example_dag.Stop_execution 2019-01-12 17:00:00+00:00 [success]> in ORM
[2021-05-24 17:03:00,573] {scheduler_job.py:162} INFO - Processing /Users/dhrebenach/Documents/python/UdacityDataEng/Projects/Data_Pipelines/dags/udac_example_dag.py took 0.129 seconds
[2021-05-24 17:05:26,280] {scheduler_job.py:154} INFO - Started process (PID=536) to work on /Users/dhrebenach/Documents/python/UdacityDataEng/Projects/Data_Pipelines/dags/udac_example_dag.py
[2021-05-24 17:05:26,288] {scheduler_job.py:1562} INFO - Processing file /Users/dhrebenach/Documents/python/UdacityDataEng/Projects/Data_Pipelines/dags/udac_example_dag.py for tasks to queue
[2021-05-24 17:05:26,289] {logging_mixin.py:112} INFO - [2021-05-24 17:05:26,289] {dagbag.py:396} INFO - Filling up the DagBag from /Users/dhrebenach/Documents/python/UdacityDataEng/Projects/Data_Pipelines/dags/udac_example_dag.py
[2021-05-24 17:05:26,296] {scheduler_job.py:1574} INFO - DAG(s) dict_keys(['udac_example_dag']) retrieved from /Users/dhrebenach/Documents/python/UdacityDataEng/Projects/Data_Pipelines/dags/udac_example_dag.py
[2021-05-24 17:05:26,320] {scheduler_job.py:1284} INFO - Processing udac_example_dag
[2021-05-24 17:05:26,346] {scheduler_job.py:1294} INFO - Created <DagRun udac_example_dag @ 2019-01-12T18:00:00+00:00: scheduled__2019-01-12T18:00:00+00:00, externally triggered: False>
[2021-05-24 17:05:26,349] {scheduler_job.py:759} INFO - Examining DAG run <DagRun udac_example_dag @ 2019-01-12 17:00:00+00:00: scheduled__2019-01-12T17:00:00+00:00, externally triggered: False>
[2021-05-24 17:05:26,356] {logging_mixin.py:112} INFO - [2021-05-24 17:05:26,356] {dagrun.py:318} INFO - Marking run <DagRun udac_example_dag @ 2019-01-12 17:00:00+00:00: scheduled__2019-01-12T17:00:00+00:00, externally triggered: False> successful
[2021-05-24 17:05:26,359] {scheduler_job.py:759} INFO - Examining DAG run <DagRun udac_example_dag @ 2019-01-12 18:00:00+00:00: scheduled__2019-01-12T18:00:00+00:00, externally triggered: False>
[2021-05-24 17:05:26,369] {scheduler_job.py:447} INFO - Skipping SLA check for <DAG: udac_example_dag> because no tasks in DAG have SLAs
[2021-05-24 17:05:26,373] {scheduler_job.py:1640} INFO - Creating / updating <TaskInstance: udac_example_dag.Begin_execution 2019-01-12 18:00:00+00:00 [success]> in ORM
[2021-05-24 17:05:26,376] {scheduler_job.py:1640} INFO - Creating / updating <TaskInstance: udac_example_dag.Stage_events 2019-01-12 18:00:00+00:00 [scheduled]> in ORM
[2021-05-24 17:05:26,382] {scheduler_job.py:1640} INFO - Creating / updating <TaskInstance: udac_example_dag.Stage_songs 2019-01-12 18:00:00+00:00 [scheduled]> in ORM
[2021-05-24 17:05:26,387] {scheduler_job.py:1640} INFO - Creating / updating <TaskInstance: udac_example_dag.Load_songplays_fact_table 2019-01-12 18:00:00+00:00 [scheduled]> in ORM
[2021-05-24 17:05:26,391] {scheduler_job.py:1640} INFO - Creating / updating <TaskInstance: udac_example_dag.Load_user_dim_table 2019-01-12 18:00:00+00:00 [scheduled]> in ORM
[2021-05-24 17:05:26,394] {scheduler_job.py:1640} INFO - Creating / updating <TaskInstance: udac_example_dag.Load_song_dim_table 2019-01-12 18:00:00+00:00 [scheduled]> in ORM
[2021-05-24 17:05:26,397] {scheduler_job.py:1640} INFO - Creating / updating <TaskInstance: udac_example_dag.Load_artist_dim_table 2019-01-12 18:00:00+00:00 [scheduled]> in ORM
[2021-05-24 17:05:26,400] {scheduler_job.py:1640} INFO - Creating / updating <TaskInstance: udac_example_dag.Load_time_dim_table 2019-01-12 18:00:00+00:00 [scheduled]> in ORM
[2021-05-24 17:05:26,403] {scheduler_job.py:1640} INFO - Creating / updating <TaskInstance: udac_example_dag.Run_data_quality_checks 2019-01-12 18:00:00+00:00 [scheduled]> in ORM
[2021-05-24 17:05:26,406] {scheduler_job.py:1640} INFO - Creating / updating <TaskInstance: udac_example_dag.Stop_execution 2019-01-12 18:00:00+00:00 [success]> in ORM
[2021-05-24 17:05:26,413] {scheduler_job.py:162} INFO - Processing /Users/dhrebenach/Documents/python/UdacityDataEng/Projects/Data_Pipelines/dags/udac_example_dag.py took 0.133 seconds
[2021-05-24 17:07:52,266] {scheduler_job.py:154} INFO - Started process (PID=632) to work on /Users/dhrebenach/Documents/python/UdacityDataEng/Projects/Data_Pipelines/dags/udac_example_dag.py
[2021-05-24 17:07:52,279] {scheduler_job.py:1562} INFO - Processing file /Users/dhrebenach/Documents/python/UdacityDataEng/Projects/Data_Pipelines/dags/udac_example_dag.py for tasks to queue
[2021-05-24 17:07:52,280] {logging_mixin.py:112} INFO - [2021-05-24 17:07:52,280] {dagbag.py:396} INFO - Filling up the DagBag from /Users/dhrebenach/Documents/python/UdacityDataEng/Projects/Data_Pipelines/dags/udac_example_dag.py
[2021-05-24 17:07:52,291] {scheduler_job.py:1574} INFO - DAG(s) dict_keys(['udac_example_dag']) retrieved from /Users/dhrebenach/Documents/python/UdacityDataEng/Projects/Data_Pipelines/dags/udac_example_dag.py
[2021-05-24 17:07:52,328] {scheduler_job.py:1284} INFO - Processing udac_example_dag
[2021-05-24 17:07:52,372] {scheduler_job.py:1294} INFO - Created <DagRun udac_example_dag @ 2019-01-12T19:00:00+00:00: scheduled__2019-01-12T19:00:00+00:00, externally triggered: False>
[2021-05-24 17:07:52,376] {scheduler_job.py:759} INFO - Examining DAG run <DagRun udac_example_dag @ 2019-01-12 18:00:00+00:00: scheduled__2019-01-12T18:00:00+00:00, externally triggered: False>
[2021-05-24 17:07:52,384] {logging_mixin.py:112} INFO - [2021-05-24 17:07:52,383] {dagrun.py:318} INFO - Marking run <DagRun udac_example_dag @ 2019-01-12 18:00:00+00:00: scheduled__2019-01-12T18:00:00+00:00, externally triggered: False> successful
[2021-05-24 17:07:52,387] {scheduler_job.py:759} INFO - Examining DAG run <DagRun udac_example_dag @ 2019-01-12 19:00:00+00:00: scheduled__2019-01-12T19:00:00+00:00, externally triggered: False>
[2021-05-24 17:07:52,399] {scheduler_job.py:447} INFO - Skipping SLA check for <DAG: udac_example_dag> because no tasks in DAG have SLAs
[2021-05-24 17:07:52,404] {scheduler_job.py:1640} INFO - Creating / updating <TaskInstance: udac_example_dag.Begin_execution 2019-01-12 19:00:00+00:00 [success]> in ORM
[2021-05-24 17:07:52,408] {scheduler_job.py:1640} INFO - Creating / updating <TaskInstance: udac_example_dag.Stage_events 2019-01-12 19:00:00+00:00 [scheduled]> in ORM
[2021-05-24 17:07:52,411] {scheduler_job.py:1640} INFO - Creating / updating <TaskInstance: udac_example_dag.Stage_songs 2019-01-12 19:00:00+00:00 [scheduled]> in ORM
[2021-05-24 17:07:52,416] {scheduler_job.py:1640} INFO - Creating / updating <TaskInstance: udac_example_dag.Load_songplays_fact_table 2019-01-12 19:00:00+00:00 [scheduled]> in ORM
[2021-05-24 17:07:52,422] {scheduler_job.py:1640} INFO - Creating / updating <TaskInstance: udac_example_dag.Load_user_dim_table 2019-01-12 19:00:00+00:00 [scheduled]> in ORM
[2021-05-24 17:07:52,429] {scheduler_job.py:1640} INFO - Creating / updating <TaskInstance: udac_example_dag.Load_song_dim_table 2019-01-12 19:00:00+00:00 [scheduled]> in ORM
[2021-05-24 17:07:52,436] {scheduler_job.py:1640} INFO - Creating / updating <TaskInstance: udac_example_dag.Load_artist_dim_table 2019-01-12 19:00:00+00:00 [scheduled]> in ORM
[2021-05-24 17:07:52,439] {scheduler_job.py:1640} INFO - Creating / updating <TaskInstance: udac_example_dag.Load_time_dim_table 2019-01-12 19:00:00+00:00 [scheduled]> in ORM
[2021-05-24 17:07:52,443] {scheduler_job.py:1640} INFO - Creating / updating <TaskInstance: udac_example_dag.Run_data_quality_checks 2019-01-12 19:00:00+00:00 [scheduled]> in ORM
[2021-05-24 17:07:52,447] {scheduler_job.py:1640} INFO - Creating / updating <TaskInstance: udac_example_dag.Stop_execution 2019-01-12 19:00:00+00:00 [success]> in ORM
[2021-05-24 17:07:52,455] {scheduler_job.py:162} INFO - Processing /Users/dhrebenach/Documents/python/UdacityDataEng/Projects/Data_Pipelines/dags/udac_example_dag.py took 0.189 seconds
[2021-05-24 17:10:28,451] {scheduler_job.py:154} INFO - Started process (PID=763) to work on /Users/dhrebenach/Documents/python/UdacityDataEng/Projects/Data_Pipelines/dags/udac_example_dag.py
[2021-05-24 17:10:28,459] {scheduler_job.py:1562} INFO - Processing file /Users/dhrebenach/Documents/python/UdacityDataEng/Projects/Data_Pipelines/dags/udac_example_dag.py for tasks to queue
[2021-05-24 17:10:28,460] {logging_mixin.py:112} INFO - [2021-05-24 17:10:28,460] {dagbag.py:396} INFO - Filling up the DagBag from /Users/dhrebenach/Documents/python/UdacityDataEng/Projects/Data_Pipelines/dags/udac_example_dag.py
[2021-05-24 17:10:28,471] {scheduler_job.py:1574} INFO - DAG(s) dict_keys(['udac_example_dag']) retrieved from /Users/dhrebenach/Documents/python/UdacityDataEng/Projects/Data_Pipelines/dags/udac_example_dag.py
[2021-05-24 17:10:28,496] {scheduler_job.py:1284} INFO - Processing udac_example_dag
[2021-05-24 17:10:28,531] {scheduler_job.py:1294} INFO - Created <DagRun udac_example_dag @ 2019-01-12T20:00:00+00:00: scheduled__2019-01-12T20:00:00+00:00, externally triggered: False>
[2021-05-24 17:10:28,536] {scheduler_job.py:759} INFO - Examining DAG run <DagRun udac_example_dag @ 2019-01-12 19:00:00+00:00: scheduled__2019-01-12T19:00:00+00:00, externally triggered: False>
[2021-05-24 17:10:28,544] {logging_mixin.py:112} INFO - [2021-05-24 17:10:28,543] {dagrun.py:318} INFO - Marking run <DagRun udac_example_dag @ 2019-01-12 19:00:00+00:00: scheduled__2019-01-12T19:00:00+00:00, externally triggered: False> successful
[2021-05-24 17:10:28,547] {scheduler_job.py:759} INFO - Examining DAG run <DagRun udac_example_dag @ 2019-01-12 20:00:00+00:00: scheduled__2019-01-12T20:00:00+00:00, externally triggered: False>
[2021-05-24 17:10:28,561] {scheduler_job.py:447} INFO - Skipping SLA check for <DAG: udac_example_dag> because no tasks in DAG have SLAs
[2021-05-24 17:10:28,564] {scheduler_job.py:1640} INFO - Creating / updating <TaskInstance: udac_example_dag.Begin_execution 2019-01-12 20:00:00+00:00 [success]> in ORM
[2021-05-24 17:10:28,568] {scheduler_job.py:1640} INFO - Creating / updating <TaskInstance: udac_example_dag.Stage_events 2019-01-12 20:00:00+00:00 [scheduled]> in ORM
[2021-05-24 17:10:28,571] {scheduler_job.py:1640} INFO - Creating / updating <TaskInstance: udac_example_dag.Stage_songs 2019-01-12 20:00:00+00:00 [scheduled]> in ORM
[2021-05-24 17:10:28,574] {scheduler_job.py:1640} INFO - Creating / updating <TaskInstance: udac_example_dag.Load_songplays_fact_table 2019-01-12 20:00:00+00:00 [scheduled]> in ORM
[2021-05-24 17:10:28,577] {scheduler_job.py:1640} INFO - Creating / updating <TaskInstance: udac_example_dag.Load_user_dim_table 2019-01-12 20:00:00+00:00 [scheduled]> in ORM
[2021-05-24 17:10:28,581] {scheduler_job.py:1640} INFO - Creating / updating <TaskInstance: udac_example_dag.Load_song_dim_table 2019-01-12 20:00:00+00:00 [scheduled]> in ORM
[2021-05-24 17:10:28,585] {scheduler_job.py:1640} INFO - Creating / updating <TaskInstance: udac_example_dag.Load_artist_dim_table 2019-01-12 20:00:00+00:00 [scheduled]> in ORM
[2021-05-24 17:10:28,588] {scheduler_job.py:1640} INFO - Creating / updating <TaskInstance: udac_example_dag.Load_time_dim_table 2019-01-12 20:00:00+00:00 [scheduled]> in ORM
[2021-05-24 17:10:28,592] {scheduler_job.py:1640} INFO - Creating / updating <TaskInstance: udac_example_dag.Run_data_quality_checks 2019-01-12 20:00:00+00:00 [scheduled]> in ORM
[2021-05-24 17:10:28,595] {scheduler_job.py:1640} INFO - Creating / updating <TaskInstance: udac_example_dag.Stop_execution 2019-01-12 20:00:00+00:00 [success]> in ORM
[2021-05-24 17:10:28,605] {scheduler_job.py:162} INFO - Processing /Users/dhrebenach/Documents/python/UdacityDataEng/Projects/Data_Pipelines/dags/udac_example_dag.py took 0.154 seconds
[2021-05-25 08:17:19,261] {scheduler_job.py:154} INFO - Started process (PID=3389) to work on /Users/dhrebenach/Documents/python/UdacityDataEng/Projects/Data_Pipelines/dags/udac_example_dag.py
[2021-05-25 08:17:19,271] {scheduler_job.py:1562} INFO - Processing file /Users/dhrebenach/Documents/python/UdacityDataEng/Projects/Data_Pipelines/dags/udac_example_dag.py for tasks to queue
[2021-05-25 08:17:19,273] {logging_mixin.py:112} INFO - [2021-05-25 08:17:19,272] {dagbag.py:396} INFO - Filling up the DagBag from /Users/dhrebenach/Documents/python/UdacityDataEng/Projects/Data_Pipelines/dags/udac_example_dag.py
[2021-05-25 08:17:19,280] {scheduler_job.py:1574} INFO - DAG(s) dict_keys(['udac_example_dag']) retrieved from /Users/dhrebenach/Documents/python/UdacityDataEng/Projects/Data_Pipelines/dags/udac_example_dag.py
[2021-05-25 08:17:19,309] {scheduler_job.py:1284} INFO - Processing udac_example_dag
[2021-05-25 08:17:19,340] {scheduler_job.py:1294} INFO - Created <DagRun udac_example_dag @ 2019-01-12T21:00:00+00:00: scheduled__2019-01-12T21:00:00+00:00, externally triggered: False>
[2021-05-25 08:17:19,343] {scheduler_job.py:759} INFO - Examining DAG run <DagRun udac_example_dag @ 2019-01-12 20:00:00+00:00: scheduled__2019-01-12T20:00:00+00:00, externally triggered: False>
[2021-05-25 08:17:19,358] {scheduler_job.py:759} INFO - Examining DAG run <DagRun udac_example_dag @ 2019-01-12 21:00:00+00:00: scheduled__2019-01-12T21:00:00+00:00, externally triggered: False>
[2021-05-25 08:17:19,381] {scheduler_job.py:447} INFO - Skipping SLA check for <DAG: udac_example_dag> because no tasks in DAG have SLAs
[2021-05-25 08:17:19,387] {scheduler_job.py:1640} INFO - Creating / updating <TaskInstance: udac_example_dag.Load_artist_dim_table 2019-01-12 20:00:00+00:00 [scheduled]> in ORM
[2021-05-25 08:17:19,392] {scheduler_job.py:1640} INFO - Creating / updating <TaskInstance: udac_example_dag.Load_time_dim_table 2019-01-12 20:00:00+00:00 [scheduled]> in ORM
[2021-05-25 08:17:19,397] {scheduler_job.py:1640} INFO - Creating / updating <TaskInstance: udac_example_dag.Run_data_quality_checks 2019-01-12 20:00:00+00:00 [scheduled]> in ORM
[2021-05-25 08:17:19,404] {scheduler_job.py:1640} INFO - Creating / updating <TaskInstance: udac_example_dag.Begin_execution 2019-01-12 21:00:00+00:00 [success]> in ORM
[2021-05-25 08:17:19,408] {scheduler_job.py:1640} INFO - Creating / updating <TaskInstance: udac_example_dag.Stage_events 2019-01-12 21:00:00+00:00 [scheduled]> in ORM
[2021-05-25 08:17:19,411] {scheduler_job.py:1640} INFO - Creating / updating <TaskInstance: udac_example_dag.Stage_songs 2019-01-12 21:00:00+00:00 [scheduled]> in ORM
[2021-05-25 08:17:19,415] {scheduler_job.py:1640} INFO - Creating / updating <TaskInstance: udac_example_dag.Load_songplays_fact_table 2019-01-12 21:00:00+00:00 [scheduled]> in ORM
[2021-05-25 08:17:19,420] {scheduler_job.py:1640} INFO - Creating / updating <TaskInstance: udac_example_dag.Load_user_dim_table 2019-01-12 21:00:00+00:00 [scheduled]> in ORM
[2021-05-25 08:17:19,423] {scheduler_job.py:1640} INFO - Creating / updating <TaskInstance: udac_example_dag.Load_song_dim_table 2019-01-12 21:00:00+00:00 [scheduled]> in ORM
[2021-05-25 08:17:19,427] {scheduler_job.py:1640} INFO - Creating / updating <TaskInstance: udac_example_dag.Load_artist_dim_table 2019-01-12 21:00:00+00:00 [scheduled]> in ORM
[2021-05-25 08:17:19,430] {scheduler_job.py:1640} INFO - Creating / updating <TaskInstance: udac_example_dag.Load_time_dim_table 2019-01-12 21:00:00+00:00 [scheduled]> in ORM
[2021-05-25 08:17:19,433] {scheduler_job.py:1640} INFO - Creating / updating <TaskInstance: udac_example_dag.Run_data_quality_checks 2019-01-12 21:00:00+00:00 [scheduled]> in ORM
[2021-05-25 08:17:19,436] {scheduler_job.py:1640} INFO - Creating / updating <TaskInstance: udac_example_dag.Stop_execution 2019-01-12 21:00:00+00:00 [success]> in ORM
[2021-05-25 08:17:19,445] {scheduler_job.py:162} INFO - Processing /Users/dhrebenach/Documents/python/UdacityDataEng/Projects/Data_Pipelines/dags/udac_example_dag.py took 0.184 seconds
[2021-05-25 08:20:22,047] {scheduler_job.py:154} INFO - Started process (PID=3517) to work on /Users/dhrebenach/Documents/python/UdacityDataEng/Projects/Data_Pipelines/dags/udac_example_dag.py
[2021-05-25 08:20:22,054] {scheduler_job.py:1562} INFO - Processing file /Users/dhrebenach/Documents/python/UdacityDataEng/Projects/Data_Pipelines/dags/udac_example_dag.py for tasks to queue
[2021-05-25 08:20:22,055] {logging_mixin.py:112} INFO - [2021-05-25 08:20:22,055] {dagbag.py:396} INFO - Filling up the DagBag from /Users/dhrebenach/Documents/python/UdacityDataEng/Projects/Data_Pipelines/dags/udac_example_dag.py
[2021-05-25 08:20:22,063] {scheduler_job.py:1574} INFO - DAG(s) dict_keys(['udac_example_dag']) retrieved from /Users/dhrebenach/Documents/python/UdacityDataEng/Projects/Data_Pipelines/dags/udac_example_dag.py
[2021-05-25 08:20:22,087] {scheduler_job.py:1284} INFO - Processing udac_example_dag
[2021-05-25 08:20:22,113] {scheduler_job.py:1294} INFO - Created <DagRun udac_example_dag @ 2019-01-12T22:00:00+00:00: scheduled__2019-01-12T22:00:00+00:00, externally triggered: False>
[2021-05-25 08:20:22,116] {scheduler_job.py:759} INFO - Examining DAG run <DagRun udac_example_dag @ 2019-01-12 20:00:00+00:00: scheduled__2019-01-12T20:00:00+00:00, externally triggered: False>
[2021-05-25 08:20:22,123] {logging_mixin.py:112} INFO - [2021-05-25 08:20:22,123] {dagrun.py:318} INFO - Marking run <DagRun udac_example_dag @ 2019-01-12 20:00:00+00:00: scheduled__2019-01-12T20:00:00+00:00, externally triggered: False> successful
[2021-05-25 08:20:22,126] {scheduler_job.py:759} INFO - Examining DAG run <DagRun udac_example_dag @ 2019-01-12 21:00:00+00:00: scheduled__2019-01-12T21:00:00+00:00, externally triggered: False>
[2021-05-25 08:20:22,133] {logging_mixin.py:112} INFO - [2021-05-25 08:20:22,133] {dagrun.py:318} INFO - Marking run <DagRun udac_example_dag @ 2019-01-12 21:00:00+00:00: scheduled__2019-01-12T21:00:00+00:00, externally triggered: False> successful
[2021-05-25 08:20:22,136] {scheduler_job.py:759} INFO - Examining DAG run <DagRun udac_example_dag @ 2019-01-12 22:00:00+00:00: scheduled__2019-01-12T22:00:00+00:00, externally triggered: False>
[2021-05-25 08:20:22,149] {scheduler_job.py:447} INFO - Skipping SLA check for <DAG: udac_example_dag> because no tasks in DAG have SLAs
[2021-05-25 08:20:22,152] {scheduler_job.py:1640} INFO - Creating / updating <TaskInstance: udac_example_dag.Begin_execution 2019-01-12 22:00:00+00:00 [success]> in ORM
[2021-05-25 08:20:22,156] {scheduler_job.py:1640} INFO - Creating / updating <TaskInstance: udac_example_dag.Stage_events 2019-01-12 22:00:00+00:00 [scheduled]> in ORM
[2021-05-25 08:20:22,159] {scheduler_job.py:1640} INFO - Creating / updating <TaskInstance: udac_example_dag.Stage_songs 2019-01-12 22:00:00+00:00 [scheduled]> in ORM
[2021-05-25 08:20:22,163] {scheduler_job.py:1640} INFO - Creating / updating <TaskInstance: udac_example_dag.Load_songplays_fact_table 2019-01-12 22:00:00+00:00 [scheduled]> in ORM
[2021-05-25 08:20:22,167] {scheduler_job.py:1640} INFO - Creating / updating <TaskInstance: udac_example_dag.Load_user_dim_table 2019-01-12 22:00:00+00:00 [scheduled]> in ORM
[2021-05-25 08:20:22,170] {scheduler_job.py:1640} INFO - Creating / updating <TaskInstance: udac_example_dag.Load_song_dim_table 2019-01-12 22:00:00+00:00 [scheduled]> in ORM
[2021-05-25 08:20:22,173] {scheduler_job.py:1640} INFO - Creating / updating <TaskInstance: udac_example_dag.Load_artist_dim_table 2019-01-12 22:00:00+00:00 [scheduled]> in ORM
[2021-05-25 08:20:22,176] {scheduler_job.py:1640} INFO - Creating / updating <TaskInstance: udac_example_dag.Load_time_dim_table 2019-01-12 22:00:00+00:00 [scheduled]> in ORM
[2021-05-25 08:20:22,179] {scheduler_job.py:1640} INFO - Creating / updating <TaskInstance: udac_example_dag.Run_data_quality_checks 2019-01-12 22:00:00+00:00 [scheduled]> in ORM
[2021-05-25 08:20:22,182] {scheduler_job.py:1640} INFO - Creating / updating <TaskInstance: udac_example_dag.Stop_execution 2019-01-12 22:00:00+00:00 [success]> in ORM
[2021-05-25 08:20:22,189] {scheduler_job.py:162} INFO - Processing /Users/dhrebenach/Documents/python/UdacityDataEng/Projects/Data_Pipelines/dags/udac_example_dag.py took 0.143 seconds
[2021-05-25 08:22:49,648] {scheduler_job.py:154} INFO - Started process (PID=3642) to work on /Users/dhrebenach/Documents/python/UdacityDataEng/Projects/Data_Pipelines/dags/udac_example_dag.py
[2021-05-25 08:22:49,657] {scheduler_job.py:1562} INFO - Processing file /Users/dhrebenach/Documents/python/UdacityDataEng/Projects/Data_Pipelines/dags/udac_example_dag.py for tasks to queue
[2021-05-25 08:22:49,658] {logging_mixin.py:112} INFO - [2021-05-25 08:22:49,657] {dagbag.py:396} INFO - Filling up the DagBag from /Users/dhrebenach/Documents/python/UdacityDataEng/Projects/Data_Pipelines/dags/udac_example_dag.py
[2021-05-25 08:22:49,665] {scheduler_job.py:1574} INFO - DAG(s) dict_keys(['udac_example_dag']) retrieved from /Users/dhrebenach/Documents/python/UdacityDataEng/Projects/Data_Pipelines/dags/udac_example_dag.py
[2021-05-25 08:22:49,684] {scheduler_job.py:162} INFO - Processing /Users/dhrebenach/Documents/python/UdacityDataEng/Projects/Data_Pipelines/dags/udac_example_dag.py took 0.035 seconds
[2021-05-25 08:23:39,793] {scheduler_job.py:154} INFO - Started process (PID=3683) to work on /Users/dhrebenach/Documents/python/UdacityDataEng/Projects/Data_Pipelines/dags/udac_example_dag.py
[2021-05-25 08:23:39,800] {scheduler_job.py:1562} INFO - Processing file /Users/dhrebenach/Documents/python/UdacityDataEng/Projects/Data_Pipelines/dags/udac_example_dag.py for tasks to queue
[2021-05-25 08:23:39,801] {logging_mixin.py:112} INFO - [2021-05-25 08:23:39,801] {dagbag.py:396} INFO - Filling up the DagBag from /Users/dhrebenach/Documents/python/UdacityDataEng/Projects/Data_Pipelines/dags/udac_example_dag.py
[2021-05-25 08:23:39,810] {scheduler_job.py:1574} INFO - DAG(s) dict_keys(['udac_example_dag']) retrieved from /Users/dhrebenach/Documents/python/UdacityDataEng/Projects/Data_Pipelines/dags/udac_example_dag.py
[2021-05-25 08:23:39,829] {scheduler_job.py:162} INFO - Processing /Users/dhrebenach/Documents/python/UdacityDataEng/Projects/Data_Pipelines/dags/udac_example_dag.py took 0.036 seconds
[2021-05-25 08:24:29,936] {scheduler_job.py:154} INFO - Started process (PID=3737) to work on /Users/dhrebenach/Documents/python/UdacityDataEng/Projects/Data_Pipelines/dags/udac_example_dag.py
[2021-05-25 08:24:29,950] {scheduler_job.py:1562} INFO - Processing file /Users/dhrebenach/Documents/python/UdacityDataEng/Projects/Data_Pipelines/dags/udac_example_dag.py for tasks to queue
[2021-05-25 08:24:29,951] {logging_mixin.py:112} INFO - [2021-05-25 08:24:29,950] {dagbag.py:396} INFO - Filling up the DagBag from /Users/dhrebenach/Documents/python/UdacityDataEng/Projects/Data_Pipelines/dags/udac_example_dag.py
[2021-05-25 08:24:29,971] {scheduler_job.py:1574} INFO - DAG(s) dict_keys(['udac_example_dag']) retrieved from /Users/dhrebenach/Documents/python/UdacityDataEng/Projects/Data_Pipelines/dags/udac_example_dag.py
[2021-05-25 08:24:30,001] {scheduler_job.py:162} INFO - Processing /Users/dhrebenach/Documents/python/UdacityDataEng/Projects/Data_Pipelines/dags/udac_example_dag.py took 0.065 seconds
[2021-05-25 08:25:20,051] {scheduler_job.py:154} INFO - Started process (PID=3770) to work on /Users/dhrebenach/Documents/python/UdacityDataEng/Projects/Data_Pipelines/dags/udac_example_dag.py
[2021-05-25 08:25:20,058] {scheduler_job.py:1562} INFO - Processing file /Users/dhrebenach/Documents/python/UdacityDataEng/Projects/Data_Pipelines/dags/udac_example_dag.py for tasks to queue
[2021-05-25 08:25:20,059] {logging_mixin.py:112} INFO - [2021-05-25 08:25:20,059] {dagbag.py:396} INFO - Filling up the DagBag from /Users/dhrebenach/Documents/python/UdacityDataEng/Projects/Data_Pipelines/dags/udac_example_dag.py
[2021-05-25 08:25:20,067] {scheduler_job.py:1574} INFO - DAG(s) dict_keys(['udac_example_dag']) retrieved from /Users/dhrebenach/Documents/python/UdacityDataEng/Projects/Data_Pipelines/dags/udac_example_dag.py
[2021-05-25 08:25:20,085] {scheduler_job.py:162} INFO - Processing /Users/dhrebenach/Documents/python/UdacityDataEng/Projects/Data_Pipelines/dags/udac_example_dag.py took 0.034 seconds
[2021-05-25 08:26:10,195] {scheduler_job.py:154} INFO - Started process (PID=3799) to work on /Users/dhrebenach/Documents/python/UdacityDataEng/Projects/Data_Pipelines/dags/udac_example_dag.py
[2021-05-25 08:26:10,202] {scheduler_job.py:1562} INFO - Processing file /Users/dhrebenach/Documents/python/UdacityDataEng/Projects/Data_Pipelines/dags/udac_example_dag.py for tasks to queue
[2021-05-25 08:26:10,203] {logging_mixin.py:112} INFO - [2021-05-25 08:26:10,203] {dagbag.py:396} INFO - Filling up the DagBag from /Users/dhrebenach/Documents/python/UdacityDataEng/Projects/Data_Pipelines/dags/udac_example_dag.py
[2021-05-25 08:26:10,211] {scheduler_job.py:1574} INFO - DAG(s) dict_keys(['udac_example_dag']) retrieved from /Users/dhrebenach/Documents/python/UdacityDataEng/Projects/Data_Pipelines/dags/udac_example_dag.py
[2021-05-25 08:26:10,230] {scheduler_job.py:162} INFO - Processing /Users/dhrebenach/Documents/python/UdacityDataEng/Projects/Data_Pipelines/dags/udac_example_dag.py took 0.035 seconds
[2021-05-25 08:27:00,349] {scheduler_job.py:154} INFO - Started process (PID=3829) to work on /Users/dhrebenach/Documents/python/UdacityDataEng/Projects/Data_Pipelines/dags/udac_example_dag.py
[2021-05-25 08:27:00,360] {scheduler_job.py:1562} INFO - Processing file /Users/dhrebenach/Documents/python/UdacityDataEng/Projects/Data_Pipelines/dags/udac_example_dag.py for tasks to queue
[2021-05-25 08:27:00,362] {logging_mixin.py:112} INFO - [2021-05-25 08:27:00,361] {dagbag.py:396} INFO - Filling up the DagBag from /Users/dhrebenach/Documents/python/UdacityDataEng/Projects/Data_Pipelines/dags/udac_example_dag.py
[2021-05-25 08:27:00,371] {scheduler_job.py:1574} INFO - DAG(s) dict_keys(['udac_example_dag']) retrieved from /Users/dhrebenach/Documents/python/UdacityDataEng/Projects/Data_Pipelines/dags/udac_example_dag.py
[2021-05-25 08:27:00,394] {scheduler_job.py:162} INFO - Processing /Users/dhrebenach/Documents/python/UdacityDataEng/Projects/Data_Pipelines/dags/udac_example_dag.py took 0.045 seconds
[2021-05-25 08:27:50,507] {scheduler_job.py:154} INFO - Started process (PID=3857) to work on /Users/dhrebenach/Documents/python/UdacityDataEng/Projects/Data_Pipelines/dags/udac_example_dag.py
[2021-05-25 08:27:50,515] {scheduler_job.py:1562} INFO - Processing file /Users/dhrebenach/Documents/python/UdacityDataEng/Projects/Data_Pipelines/dags/udac_example_dag.py for tasks to queue
[2021-05-25 08:27:50,516] {logging_mixin.py:112} INFO - [2021-05-25 08:27:50,516] {dagbag.py:396} INFO - Filling up the DagBag from /Users/dhrebenach/Documents/python/UdacityDataEng/Projects/Data_Pipelines/dags/udac_example_dag.py
[2021-05-25 08:27:50,524] {scheduler_job.py:1574} INFO - DAG(s) dict_keys(['udac_example_dag']) retrieved from /Users/dhrebenach/Documents/python/UdacityDataEng/Projects/Data_Pipelines/dags/udac_example_dag.py
[2021-05-25 08:27:50,544] {scheduler_job.py:162} INFO - Processing /Users/dhrebenach/Documents/python/UdacityDataEng/Projects/Data_Pipelines/dags/udac_example_dag.py took 0.037 seconds
[2021-05-25 08:28:40,653] {scheduler_job.py:154} INFO - Started process (PID=3892) to work on /Users/dhrebenach/Documents/python/UdacityDataEng/Projects/Data_Pipelines/dags/udac_example_dag.py
[2021-05-25 08:28:40,662] {scheduler_job.py:1562} INFO - Processing file /Users/dhrebenach/Documents/python/UdacityDataEng/Projects/Data_Pipelines/dags/udac_example_dag.py for tasks to queue
[2021-05-25 08:28:40,663] {logging_mixin.py:112} INFO - [2021-05-25 08:28:40,663] {dagbag.py:396} INFO - Filling up the DagBag from /Users/dhrebenach/Documents/python/UdacityDataEng/Projects/Data_Pipelines/dags/udac_example_dag.py
[2021-05-25 08:28:40,672] {scheduler_job.py:1574} INFO - DAG(s) dict_keys(['udac_example_dag']) retrieved from /Users/dhrebenach/Documents/python/UdacityDataEng/Projects/Data_Pipelines/dags/udac_example_dag.py
[2021-05-25 08:28:40,691] {scheduler_job.py:162} INFO - Processing /Users/dhrebenach/Documents/python/UdacityDataEng/Projects/Data_Pipelines/dags/udac_example_dag.py took 0.038 seconds
[2021-05-25 08:29:30,815] {scheduler_job.py:154} INFO - Started process (PID=3922) to work on /Users/dhrebenach/Documents/python/UdacityDataEng/Projects/Data_Pipelines/dags/udac_example_dag.py
[2021-05-25 08:29:30,824] {scheduler_job.py:1562} INFO - Processing file /Users/dhrebenach/Documents/python/UdacityDataEng/Projects/Data_Pipelines/dags/udac_example_dag.py for tasks to queue
[2021-05-25 08:29:30,825] {logging_mixin.py:112} INFO - [2021-05-25 08:29:30,825] {dagbag.py:396} INFO - Filling up the DagBag from /Users/dhrebenach/Documents/python/UdacityDataEng/Projects/Data_Pipelines/dags/udac_example_dag.py
[2021-05-25 08:29:30,833] {scheduler_job.py:1574} INFO - DAG(s) dict_keys(['udac_example_dag']) retrieved from /Users/dhrebenach/Documents/python/UdacityDataEng/Projects/Data_Pipelines/dags/udac_example_dag.py
[2021-05-25 08:29:30,853] {scheduler_job.py:162} INFO - Processing /Users/dhrebenach/Documents/python/UdacityDataEng/Projects/Data_Pipelines/dags/udac_example_dag.py took 0.038 seconds
[2021-05-25 08:30:20,968] {scheduler_job.py:154} INFO - Started process (PID=3950) to work on /Users/dhrebenach/Documents/python/UdacityDataEng/Projects/Data_Pipelines/dags/udac_example_dag.py
[2021-05-25 08:30:20,975] {scheduler_job.py:1562} INFO - Processing file /Users/dhrebenach/Documents/python/UdacityDataEng/Projects/Data_Pipelines/dags/udac_example_dag.py for tasks to queue
[2021-05-25 08:30:20,976] {logging_mixin.py:112} INFO - [2021-05-25 08:30:20,976] {dagbag.py:396} INFO - Filling up the DagBag from /Users/dhrebenach/Documents/python/UdacityDataEng/Projects/Data_Pipelines/dags/udac_example_dag.py
[2021-05-25 08:30:20,984] {scheduler_job.py:1574} INFO - DAG(s) dict_keys(['udac_example_dag']) retrieved from /Users/dhrebenach/Documents/python/UdacityDataEng/Projects/Data_Pipelines/dags/udac_example_dag.py
[2021-05-25 08:30:21,003] {scheduler_job.py:162} INFO - Processing /Users/dhrebenach/Documents/python/UdacityDataEng/Projects/Data_Pipelines/dags/udac_example_dag.py took 0.035 seconds
[2021-05-25 08:31:11,141] {scheduler_job.py:154} INFO - Started process (PID=3980) to work on /Users/dhrebenach/Documents/python/UdacityDataEng/Projects/Data_Pipelines/dags/udac_example_dag.py
[2021-05-25 08:31:11,148] {scheduler_job.py:1562} INFO - Processing file /Users/dhrebenach/Documents/python/UdacityDataEng/Projects/Data_Pipelines/dags/udac_example_dag.py for tasks to queue
[2021-05-25 08:31:11,149] {logging_mixin.py:112} INFO - [2021-05-25 08:31:11,149] {dagbag.py:396} INFO - Filling up the DagBag from /Users/dhrebenach/Documents/python/UdacityDataEng/Projects/Data_Pipelines/dags/udac_example_dag.py
[2021-05-25 08:31:11,156] {scheduler_job.py:1574} INFO - DAG(s) dict_keys(['udac_example_dag']) retrieved from /Users/dhrebenach/Documents/python/UdacityDataEng/Projects/Data_Pipelines/dags/udac_example_dag.py
[2021-05-25 08:31:11,176] {scheduler_job.py:162} INFO - Processing /Users/dhrebenach/Documents/python/UdacityDataEng/Projects/Data_Pipelines/dags/udac_example_dag.py took 0.035 seconds
[2021-05-25 08:32:01,317] {scheduler_job.py:154} INFO - Started process (PID=4007) to work on /Users/dhrebenach/Documents/python/UdacityDataEng/Projects/Data_Pipelines/dags/udac_example_dag.py
[2021-05-25 08:32:01,324] {scheduler_job.py:1562} INFO - Processing file /Users/dhrebenach/Documents/python/UdacityDataEng/Projects/Data_Pipelines/dags/udac_example_dag.py for tasks to queue
[2021-05-25 08:32:01,325] {logging_mixin.py:112} INFO - [2021-05-25 08:32:01,324] {dagbag.py:396} INFO - Filling up the DagBag from /Users/dhrebenach/Documents/python/UdacityDataEng/Projects/Data_Pipelines/dags/udac_example_dag.py
[2021-05-25 08:32:01,332] {scheduler_job.py:1574} INFO - DAG(s) dict_keys(['udac_example_dag']) retrieved from /Users/dhrebenach/Documents/python/UdacityDataEng/Projects/Data_Pipelines/dags/udac_example_dag.py
[2021-05-25 08:32:01,351] {scheduler_job.py:162} INFO - Processing /Users/dhrebenach/Documents/python/UdacityDataEng/Projects/Data_Pipelines/dags/udac_example_dag.py took 0.034 seconds
[2021-05-25 08:32:51,472] {scheduler_job.py:154} INFO - Started process (PID=4034) to work on /Users/dhrebenach/Documents/python/UdacityDataEng/Projects/Data_Pipelines/dags/udac_example_dag.py
[2021-05-25 08:32:51,480] {scheduler_job.py:1562} INFO - Processing file /Users/dhrebenach/Documents/python/UdacityDataEng/Projects/Data_Pipelines/dags/udac_example_dag.py for tasks to queue
[2021-05-25 08:32:51,481] {logging_mixin.py:112} INFO - [2021-05-25 08:32:51,481] {dagbag.py:396} INFO - Filling up the DagBag from /Users/dhrebenach/Documents/python/UdacityDataEng/Projects/Data_Pipelines/dags/udac_example_dag.py
[2021-05-25 08:32:51,488] {scheduler_job.py:1574} INFO - DAG(s) dict_keys(['udac_example_dag']) retrieved from /Users/dhrebenach/Documents/python/UdacityDataEng/Projects/Data_Pipelines/dags/udac_example_dag.py
[2021-05-25 08:32:51,507] {scheduler_job.py:162} INFO - Processing /Users/dhrebenach/Documents/python/UdacityDataEng/Projects/Data_Pipelines/dags/udac_example_dag.py took 0.034 seconds
[2021-05-25 08:33:41,636] {scheduler_job.py:154} INFO - Started process (PID=4061) to work on /Users/dhrebenach/Documents/python/UdacityDataEng/Projects/Data_Pipelines/dags/udac_example_dag.py
[2021-05-25 08:33:41,643] {scheduler_job.py:1562} INFO - Processing file /Users/dhrebenach/Documents/python/UdacityDataEng/Projects/Data_Pipelines/dags/udac_example_dag.py for tasks to queue
[2021-05-25 08:33:41,644] {logging_mixin.py:112} INFO - [2021-05-25 08:33:41,644] {dagbag.py:396} INFO - Filling up the DagBag from /Users/dhrebenach/Documents/python/UdacityDataEng/Projects/Data_Pipelines/dags/udac_example_dag.py
[2021-05-25 08:33:41,651] {scheduler_job.py:1574} INFO - DAG(s) dict_keys(['udac_example_dag']) retrieved from /Users/dhrebenach/Documents/python/UdacityDataEng/Projects/Data_Pipelines/dags/udac_example_dag.py
[2021-05-25 08:33:41,670] {scheduler_job.py:162} INFO - Processing /Users/dhrebenach/Documents/python/UdacityDataEng/Projects/Data_Pipelines/dags/udac_example_dag.py took 0.035 seconds
[2021-05-25 08:34:31,803] {scheduler_job.py:154} INFO - Started process (PID=4090) to work on /Users/dhrebenach/Documents/python/UdacityDataEng/Projects/Data_Pipelines/dags/udac_example_dag.py
[2021-05-25 08:34:31,815] {scheduler_job.py:1562} INFO - Processing file /Users/dhrebenach/Documents/python/UdacityDataEng/Projects/Data_Pipelines/dags/udac_example_dag.py for tasks to queue
[2021-05-25 08:34:31,816] {logging_mixin.py:112} INFO - [2021-05-25 08:34:31,815] {dagbag.py:396} INFO - Filling up the DagBag from /Users/dhrebenach/Documents/python/UdacityDataEng/Projects/Data_Pipelines/dags/udac_example_dag.py
[2021-05-25 08:34:31,824] {scheduler_job.py:1574} INFO - DAG(s) dict_keys(['udac_example_dag']) retrieved from /Users/dhrebenach/Documents/python/UdacityDataEng/Projects/Data_Pipelines/dags/udac_example_dag.py
[2021-05-25 08:34:31,844] {scheduler_job.py:162} INFO - Processing /Users/dhrebenach/Documents/python/UdacityDataEng/Projects/Data_Pipelines/dags/udac_example_dag.py took 0.041 seconds
[2021-05-25 08:35:21,949] {scheduler_job.py:154} INFO - Started process (PID=4123) to work on /Users/dhrebenach/Documents/python/UdacityDataEng/Projects/Data_Pipelines/dags/udac_example_dag.py
[2021-05-25 08:35:21,958] {scheduler_job.py:1562} INFO - Processing file /Users/dhrebenach/Documents/python/UdacityDataEng/Projects/Data_Pipelines/dags/udac_example_dag.py for tasks to queue
[2021-05-25 08:35:21,960] {logging_mixin.py:112} INFO - [2021-05-25 08:35:21,960] {dagbag.py:396} INFO - Filling up the DagBag from /Users/dhrebenach/Documents/python/UdacityDataEng/Projects/Data_Pipelines/dags/udac_example_dag.py
[2021-05-25 08:35:21,975] {scheduler_job.py:1574} INFO - DAG(s) dict_keys(['udac_example_dag']) retrieved from /Users/dhrebenach/Documents/python/UdacityDataEng/Projects/Data_Pipelines/dags/udac_example_dag.py
[2021-05-25 08:35:22,002] {scheduler_job.py:162} INFO - Processing /Users/dhrebenach/Documents/python/UdacityDataEng/Projects/Data_Pipelines/dags/udac_example_dag.py took 0.053 seconds
[2021-05-25 08:36:12,094] {scheduler_job.py:154} INFO - Started process (PID=4157) to work on /Users/dhrebenach/Documents/python/UdacityDataEng/Projects/Data_Pipelines/dags/udac_example_dag.py
[2021-05-25 08:36:12,104] {scheduler_job.py:1562} INFO - Processing file /Users/dhrebenach/Documents/python/UdacityDataEng/Projects/Data_Pipelines/dags/udac_example_dag.py for tasks to queue
[2021-05-25 08:36:12,105] {logging_mixin.py:112} INFO - [2021-05-25 08:36:12,105] {dagbag.py:396} INFO - Filling up the DagBag from /Users/dhrebenach/Documents/python/UdacityDataEng/Projects/Data_Pipelines/dags/udac_example_dag.py
[2021-05-25 08:36:12,113] {scheduler_job.py:1574} INFO - DAG(s) dict_keys(['udac_example_dag']) retrieved from /Users/dhrebenach/Documents/python/UdacityDataEng/Projects/Data_Pipelines/dags/udac_example_dag.py
[2021-05-25 08:36:12,134] {scheduler_job.py:162} INFO - Processing /Users/dhrebenach/Documents/python/UdacityDataEng/Projects/Data_Pipelines/dags/udac_example_dag.py took 0.041 seconds
[2021-05-25 08:37:02,250] {scheduler_job.py:154} INFO - Started process (PID=4191) to work on /Users/dhrebenach/Documents/python/UdacityDataEng/Projects/Data_Pipelines/dags/udac_example_dag.py
[2021-05-25 08:37:02,260] {scheduler_job.py:1562} INFO - Processing file /Users/dhrebenach/Documents/python/UdacityDataEng/Projects/Data_Pipelines/dags/udac_example_dag.py for tasks to queue
[2021-05-25 08:37:02,262] {logging_mixin.py:112} INFO - [2021-05-25 08:37:02,261] {dagbag.py:396} INFO - Filling up the DagBag from /Users/dhrebenach/Documents/python/UdacityDataEng/Projects/Data_Pipelines/dags/udac_example_dag.py
[2021-05-25 08:37:02,271] {scheduler_job.py:1574} INFO - DAG(s) dict_keys(['udac_example_dag']) retrieved from /Users/dhrebenach/Documents/python/UdacityDataEng/Projects/Data_Pipelines/dags/udac_example_dag.py
[2021-05-25 08:37:02,291] {scheduler_job.py:162} INFO - Processing /Users/dhrebenach/Documents/python/UdacityDataEng/Projects/Data_Pipelines/dags/udac_example_dag.py took 0.041 seconds
[2021-05-25 08:37:52,446] {scheduler_job.py:154} INFO - Started process (PID=4224) to work on /Users/dhrebenach/Documents/python/UdacityDataEng/Projects/Data_Pipelines/dags/udac_example_dag.py
[2021-05-25 08:37:52,454] {scheduler_job.py:1562} INFO - Processing file /Users/dhrebenach/Documents/python/UdacityDataEng/Projects/Data_Pipelines/dags/udac_example_dag.py for tasks to queue
[2021-05-25 08:37:52,455] {logging_mixin.py:112} INFO - [2021-05-25 08:37:52,454] {dagbag.py:396} INFO - Filling up the DagBag from /Users/dhrebenach/Documents/python/UdacityDataEng/Projects/Data_Pipelines/dags/udac_example_dag.py
[2021-05-25 08:37:52,462] {scheduler_job.py:1574} INFO - DAG(s) dict_keys(['udac_example_dag']) retrieved from /Users/dhrebenach/Documents/python/UdacityDataEng/Projects/Data_Pipelines/dags/udac_example_dag.py
[2021-05-25 08:37:52,482] {scheduler_job.py:162} INFO - Processing /Users/dhrebenach/Documents/python/UdacityDataEng/Projects/Data_Pipelines/dags/udac_example_dag.py took 0.036 seconds
[2021-05-25 08:38:42,609] {scheduler_job.py:154} INFO - Started process (PID=4253) to work on /Users/dhrebenach/Documents/python/UdacityDataEng/Projects/Data_Pipelines/dags/udac_example_dag.py
[2021-05-25 08:38:42,620] {scheduler_job.py:1562} INFO - Processing file /Users/dhrebenach/Documents/python/UdacityDataEng/Projects/Data_Pipelines/dags/udac_example_dag.py for tasks to queue
[2021-05-25 08:38:42,622] {logging_mixin.py:112} INFO - [2021-05-25 08:38:42,621] {dagbag.py:396} INFO - Filling up the DagBag from /Users/dhrebenach/Documents/python/UdacityDataEng/Projects/Data_Pipelines/dags/udac_example_dag.py
[2021-05-25 08:38:42,630] {scheduler_job.py:1574} INFO - DAG(s) dict_keys(['udac_example_dag']) retrieved from /Users/dhrebenach/Documents/python/UdacityDataEng/Projects/Data_Pipelines/dags/udac_example_dag.py
[2021-05-25 08:38:42,653] {scheduler_job.py:162} INFO - Processing /Users/dhrebenach/Documents/python/UdacityDataEng/Projects/Data_Pipelines/dags/udac_example_dag.py took 0.044 seconds
[2021-05-25 08:39:32,751] {scheduler_job.py:154} INFO - Started process (PID=4290) to work on /Users/dhrebenach/Documents/python/UdacityDataEng/Projects/Data_Pipelines/dags/udac_example_dag.py
[2021-05-25 08:39:32,761] {scheduler_job.py:1562} INFO - Processing file /Users/dhrebenach/Documents/python/UdacityDataEng/Projects/Data_Pipelines/dags/udac_example_dag.py for tasks to queue
[2021-05-25 08:39:32,763] {logging_mixin.py:112} INFO - [2021-05-25 08:39:32,763] {dagbag.py:396} INFO - Filling up the DagBag from /Users/dhrebenach/Documents/python/UdacityDataEng/Projects/Data_Pipelines/dags/udac_example_dag.py
[2021-05-25 08:39:32,771] {scheduler_job.py:1574} INFO - DAG(s) dict_keys(['udac_example_dag']) retrieved from /Users/dhrebenach/Documents/python/UdacityDataEng/Projects/Data_Pipelines/dags/udac_example_dag.py
[2021-05-25 08:39:32,790] {scheduler_job.py:162} INFO - Processing /Users/dhrebenach/Documents/python/UdacityDataEng/Projects/Data_Pipelines/dags/udac_example_dag.py took 0.039 seconds
[2021-05-25 08:40:22,903] {scheduler_job.py:154} INFO - Started process (PID=4321) to work on /Users/dhrebenach/Documents/python/UdacityDataEng/Projects/Data_Pipelines/dags/udac_example_dag.py
[2021-05-25 08:40:22,912] {scheduler_job.py:1562} INFO - Processing file /Users/dhrebenach/Documents/python/UdacityDataEng/Projects/Data_Pipelines/dags/udac_example_dag.py for tasks to queue
[2021-05-25 08:40:22,913] {logging_mixin.py:112} INFO - [2021-05-25 08:40:22,913] {dagbag.py:396} INFO - Filling up the DagBag from /Users/dhrebenach/Documents/python/UdacityDataEng/Projects/Data_Pipelines/dags/udac_example_dag.py
[2021-05-25 08:40:22,922] {scheduler_job.py:1574} INFO - DAG(s) dict_keys(['udac_example_dag']) retrieved from /Users/dhrebenach/Documents/python/UdacityDataEng/Projects/Data_Pipelines/dags/udac_example_dag.py
[2021-05-25 08:40:22,940] {scheduler_job.py:162} INFO - Processing /Users/dhrebenach/Documents/python/UdacityDataEng/Projects/Data_Pipelines/dags/udac_example_dag.py took 0.037 seconds
[2021-05-25 08:41:13,045] {scheduler_job.py:154} INFO - Started process (PID=4357) to work on /Users/dhrebenach/Documents/python/UdacityDataEng/Projects/Data_Pipelines/dags/udac_example_dag.py
[2021-05-25 08:41:13,054] {scheduler_job.py:1562} INFO - Processing file /Users/dhrebenach/Documents/python/UdacityDataEng/Projects/Data_Pipelines/dags/udac_example_dag.py for tasks to queue
[2021-05-25 08:41:13,055] {logging_mixin.py:112} INFO - [2021-05-25 08:41:13,055] {dagbag.py:396} INFO - Filling up the DagBag from /Users/dhrebenach/Documents/python/UdacityDataEng/Projects/Data_Pipelines/dags/udac_example_dag.py
[2021-05-25 08:41:13,063] {scheduler_job.py:1574} INFO - DAG(s) dict_keys(['udac_example_dag']) retrieved from /Users/dhrebenach/Documents/python/UdacityDataEng/Projects/Data_Pipelines/dags/udac_example_dag.py
[2021-05-25 08:41:13,081] {scheduler_job.py:162} INFO - Processing /Users/dhrebenach/Documents/python/UdacityDataEng/Projects/Data_Pipelines/dags/udac_example_dag.py took 0.036 seconds
[2021-05-25 08:42:03,200] {scheduler_job.py:154} INFO - Started process (PID=4389) to work on /Users/dhrebenach/Documents/python/UdacityDataEng/Projects/Data_Pipelines/dags/udac_example_dag.py
[2021-05-25 08:42:03,210] {scheduler_job.py:1562} INFO - Processing file /Users/dhrebenach/Documents/python/UdacityDataEng/Projects/Data_Pipelines/dags/udac_example_dag.py for tasks to queue
[2021-05-25 08:42:03,212] {logging_mixin.py:112} INFO - [2021-05-25 08:42:03,211] {dagbag.py:396} INFO - Filling up the DagBag from /Users/dhrebenach/Documents/python/UdacityDataEng/Projects/Data_Pipelines/dags/udac_example_dag.py
[2021-05-25 08:42:03,220] {scheduler_job.py:1574} INFO - DAG(s) dict_keys(['udac_example_dag']) retrieved from /Users/dhrebenach/Documents/python/UdacityDataEng/Projects/Data_Pipelines/dags/udac_example_dag.py
[2021-05-25 08:42:03,238] {scheduler_job.py:162} INFO - Processing /Users/dhrebenach/Documents/python/UdacityDataEng/Projects/Data_Pipelines/dags/udac_example_dag.py took 0.038 seconds
[2021-05-25 08:42:53,347] {scheduler_job.py:154} INFO - Started process (PID=4426) to work on /Users/dhrebenach/Documents/python/UdacityDataEng/Projects/Data_Pipelines/dags/udac_example_dag.py
[2021-05-25 08:42:53,357] {scheduler_job.py:1562} INFO - Processing file /Users/dhrebenach/Documents/python/UdacityDataEng/Projects/Data_Pipelines/dags/udac_example_dag.py for tasks to queue
[2021-05-25 08:42:53,358] {logging_mixin.py:112} INFO - [2021-05-25 08:42:53,358] {dagbag.py:396} INFO - Filling up the DagBag from /Users/dhrebenach/Documents/python/UdacityDataEng/Projects/Data_Pipelines/dags/udac_example_dag.py
[2021-05-25 08:42:53,367] {scheduler_job.py:1574} INFO - DAG(s) dict_keys(['udac_example_dag']) retrieved from /Users/dhrebenach/Documents/python/UdacityDataEng/Projects/Data_Pipelines/dags/udac_example_dag.py
[2021-05-25 08:42:53,388] {scheduler_job.py:162} INFO - Processing /Users/dhrebenach/Documents/python/UdacityDataEng/Projects/Data_Pipelines/dags/udac_example_dag.py took 0.041 seconds
[2021-05-25 08:43:43,478] {scheduler_job.py:154} INFO - Started process (PID=4467) to work on /Users/dhrebenach/Documents/python/UdacityDataEng/Projects/Data_Pipelines/dags/udac_example_dag.py
[2021-05-25 08:43:43,487] {scheduler_job.py:1562} INFO - Processing file /Users/dhrebenach/Documents/python/UdacityDataEng/Projects/Data_Pipelines/dags/udac_example_dag.py for tasks to queue
[2021-05-25 08:43:43,488] {logging_mixin.py:112} INFO - [2021-05-25 08:43:43,488] {dagbag.py:396} INFO - Filling up the DagBag from /Users/dhrebenach/Documents/python/UdacityDataEng/Projects/Data_Pipelines/dags/udac_example_dag.py
[2021-05-25 08:43:43,495] {scheduler_job.py:1574} INFO - DAG(s) dict_keys(['udac_example_dag']) retrieved from /Users/dhrebenach/Documents/python/UdacityDataEng/Projects/Data_Pipelines/dags/udac_example_dag.py
[2021-05-25 08:43:43,514] {scheduler_job.py:162} INFO - Processing /Users/dhrebenach/Documents/python/UdacityDataEng/Projects/Data_Pipelines/dags/udac_example_dag.py took 0.037 seconds
[2021-05-25 08:44:33,627] {scheduler_job.py:154} INFO - Started process (PID=4501) to work on /Users/dhrebenach/Documents/python/UdacityDataEng/Projects/Data_Pipelines/dags/udac_example_dag.py
[2021-05-25 08:44:33,638] {scheduler_job.py:1562} INFO - Processing file /Users/dhrebenach/Documents/python/UdacityDataEng/Projects/Data_Pipelines/dags/udac_example_dag.py for tasks to queue
[2021-05-25 08:44:33,639] {logging_mixin.py:112} INFO - [2021-05-25 08:44:33,639] {dagbag.py:396} INFO - Filling up the DagBag from /Users/dhrebenach/Documents/python/UdacityDataEng/Projects/Data_Pipelines/dags/udac_example_dag.py
[2021-05-25 08:44:33,647] {scheduler_job.py:1574} INFO - DAG(s) dict_keys(['udac_example_dag']) retrieved from /Users/dhrebenach/Documents/python/UdacityDataEng/Projects/Data_Pipelines/dags/udac_example_dag.py
[2021-05-25 08:44:33,667] {scheduler_job.py:162} INFO - Processing /Users/dhrebenach/Documents/python/UdacityDataEng/Projects/Data_Pipelines/dags/udac_example_dag.py took 0.041 seconds
[2021-05-25 08:45:23,808] {scheduler_job.py:154} INFO - Started process (PID=4532) to work on /Users/dhrebenach/Documents/python/UdacityDataEng/Projects/Data_Pipelines/dags/udac_example_dag.py
[2021-05-25 08:45:23,816] {scheduler_job.py:1562} INFO - Processing file /Users/dhrebenach/Documents/python/UdacityDataEng/Projects/Data_Pipelines/dags/udac_example_dag.py for tasks to queue
[2021-05-25 08:45:23,817] {logging_mixin.py:112} INFO - [2021-05-25 08:45:23,816] {dagbag.py:396} INFO - Filling up the DagBag from /Users/dhrebenach/Documents/python/UdacityDataEng/Projects/Data_Pipelines/dags/udac_example_dag.py
[2021-05-25 08:45:23,824] {scheduler_job.py:1574} INFO - DAG(s) dict_keys(['udac_example_dag']) retrieved from /Users/dhrebenach/Documents/python/UdacityDataEng/Projects/Data_Pipelines/dags/udac_example_dag.py
[2021-05-25 08:45:23,843] {scheduler_job.py:162} INFO - Processing /Users/dhrebenach/Documents/python/UdacityDataEng/Projects/Data_Pipelines/dags/udac_example_dag.py took 0.035 seconds
[2021-05-25 08:46:13,956] {scheduler_job.py:154} INFO - Started process (PID=4576) to work on /Users/dhrebenach/Documents/python/UdacityDataEng/Projects/Data_Pipelines/dags/udac_example_dag.py
[2021-05-25 08:46:13,966] {scheduler_job.py:1562} INFO - Processing file /Users/dhrebenach/Documents/python/UdacityDataEng/Projects/Data_Pipelines/dags/udac_example_dag.py for tasks to queue
[2021-05-25 08:46:13,967] {logging_mixin.py:112} INFO - [2021-05-25 08:46:13,967] {dagbag.py:396} INFO - Filling up the DagBag from /Users/dhrebenach/Documents/python/UdacityDataEng/Projects/Data_Pipelines/dags/udac_example_dag.py
[2021-05-25 08:46:13,977] {scheduler_job.py:1574} INFO - DAG(s) dict_keys(['udac_example_dag']) retrieved from /Users/dhrebenach/Documents/python/UdacityDataEng/Projects/Data_Pipelines/dags/udac_example_dag.py
[2021-05-25 08:46:13,995] {scheduler_job.py:162} INFO - Processing /Users/dhrebenach/Documents/python/UdacityDataEng/Projects/Data_Pipelines/dags/udac_example_dag.py took 0.039 seconds
[2021-05-25 08:47:04,095] {scheduler_job.py:154} INFO - Started process (PID=4611) to work on /Users/dhrebenach/Documents/python/UdacityDataEng/Projects/Data_Pipelines/dags/udac_example_dag.py
[2021-05-25 08:47:04,103] {scheduler_job.py:1562} INFO - Processing file /Users/dhrebenach/Documents/python/UdacityDataEng/Projects/Data_Pipelines/dags/udac_example_dag.py for tasks to queue
[2021-05-25 08:47:04,104] {logging_mixin.py:112} INFO - [2021-05-25 08:47:04,104] {dagbag.py:396} INFO - Filling up the DagBag from /Users/dhrebenach/Documents/python/UdacityDataEng/Projects/Data_Pipelines/dags/udac_example_dag.py
[2021-05-25 08:47:04,115] {scheduler_job.py:1574} INFO - DAG(s) dict_keys(['udac_example_dag']) retrieved from /Users/dhrebenach/Documents/python/UdacityDataEng/Projects/Data_Pipelines/dags/udac_example_dag.py
[2021-05-25 08:47:04,133] {scheduler_job.py:162} INFO - Processing /Users/dhrebenach/Documents/python/UdacityDataEng/Projects/Data_Pipelines/dags/udac_example_dag.py took 0.038 seconds
[2021-05-25 08:47:54,251] {scheduler_job.py:154} INFO - Started process (PID=4651) to work on /Users/dhrebenach/Documents/python/UdacityDataEng/Projects/Data_Pipelines/dags/udac_example_dag.py
[2021-05-25 08:47:54,259] {scheduler_job.py:1562} INFO - Processing file /Users/dhrebenach/Documents/python/UdacityDataEng/Projects/Data_Pipelines/dags/udac_example_dag.py for tasks to queue
[2021-05-25 08:47:54,260] {logging_mixin.py:112} INFO - [2021-05-25 08:47:54,260] {dagbag.py:396} INFO - Filling up the DagBag from /Users/dhrebenach/Documents/python/UdacityDataEng/Projects/Data_Pipelines/dags/udac_example_dag.py
[2021-05-25 08:47:54,263] {logging_mixin.py:112} INFO - AWS_KEY:  None
[2021-05-25 08:47:54,267] {scheduler_job.py:1574} INFO - DAG(s) dict_keys(['udac_example_dag']) retrieved from /Users/dhrebenach/Documents/python/UdacityDataEng/Projects/Data_Pipelines/dags/udac_example_dag.py
[2021-05-25 08:47:54,286] {scheduler_job.py:162} INFO - Processing /Users/dhrebenach/Documents/python/UdacityDataEng/Projects/Data_Pipelines/dags/udac_example_dag.py took 0.035 seconds
[2021-05-25 08:48:44,395] {scheduler_job.py:154} INFO - Started process (PID=4679) to work on /Users/dhrebenach/Documents/python/UdacityDataEng/Projects/Data_Pipelines/dags/udac_example_dag.py
[2021-05-25 08:48:44,408] {scheduler_job.py:1562} INFO - Processing file /Users/dhrebenach/Documents/python/UdacityDataEng/Projects/Data_Pipelines/dags/udac_example_dag.py for tasks to queue
[2021-05-25 08:48:44,409] {logging_mixin.py:112} INFO - [2021-05-25 08:48:44,408] {dagbag.py:396} INFO - Filling up the DagBag from /Users/dhrebenach/Documents/python/UdacityDataEng/Projects/Data_Pipelines/dags/udac_example_dag.py
[2021-05-25 08:48:44,413] {logging_mixin.py:112} INFO - AWS_KEY:  None
[2021-05-25 08:48:44,420] {scheduler_job.py:1574} INFO - DAG(s) dict_keys(['udac_example_dag']) retrieved from /Users/dhrebenach/Documents/python/UdacityDataEng/Projects/Data_Pipelines/dags/udac_example_dag.py
[2021-05-25 08:48:44,440] {scheduler_job.py:162} INFO - Processing /Users/dhrebenach/Documents/python/UdacityDataEng/Projects/Data_Pipelines/dags/udac_example_dag.py took 0.045 seconds
[2021-05-25 08:49:34,543] {scheduler_job.py:154} INFO - Started process (PID=4723) to work on /Users/dhrebenach/Documents/python/UdacityDataEng/Projects/Data_Pipelines/dags/udac_example_dag.py
[2021-05-25 08:49:34,552] {scheduler_job.py:1562} INFO - Processing file /Users/dhrebenach/Documents/python/UdacityDataEng/Projects/Data_Pipelines/dags/udac_example_dag.py for tasks to queue
[2021-05-25 08:49:34,554] {logging_mixin.py:112} INFO - [2021-05-25 08:49:34,553] {dagbag.py:396} INFO - Filling up the DagBag from /Users/dhrebenach/Documents/python/UdacityDataEng/Projects/Data_Pipelines/dags/udac_example_dag.py
[2021-05-25 08:49:34,557] {logging_mixin.py:112} INFO - AWS_KEY:  None
[2021-05-25 08:49:34,562] {scheduler_job.py:1574} INFO - DAG(s) dict_keys(['udac_example_dag']) retrieved from /Users/dhrebenach/Documents/python/UdacityDataEng/Projects/Data_Pipelines/dags/udac_example_dag.py
[2021-05-25 08:49:34,580] {scheduler_job.py:162} INFO - Processing /Users/dhrebenach/Documents/python/UdacityDataEng/Projects/Data_Pipelines/dags/udac_example_dag.py took 0.038 seconds
[2021-05-25 08:50:24,704] {scheduler_job.py:154} INFO - Started process (PID=4758) to work on /Users/dhrebenach/Documents/python/UdacityDataEng/Projects/Data_Pipelines/dags/udac_example_dag.py
[2021-05-25 08:50:24,711] {scheduler_job.py:1562} INFO - Processing file /Users/dhrebenach/Documents/python/UdacityDataEng/Projects/Data_Pipelines/dags/udac_example_dag.py for tasks to queue
[2021-05-25 08:50:24,712] {logging_mixin.py:112} INFO - [2021-05-25 08:50:24,712] {dagbag.py:396} INFO - Filling up the DagBag from /Users/dhrebenach/Documents/python/UdacityDataEng/Projects/Data_Pipelines/dags/udac_example_dag.py
[2021-05-25 08:50:24,715] {logging_mixin.py:112} INFO - AWS_KEY:  None
[2021-05-25 08:50:24,720] {scheduler_job.py:1574} INFO - DAG(s) dict_keys(['udac_example_dag']) retrieved from /Users/dhrebenach/Documents/python/UdacityDataEng/Projects/Data_Pipelines/dags/udac_example_dag.py
[2021-05-25 08:50:24,738] {scheduler_job.py:162} INFO - Processing /Users/dhrebenach/Documents/python/UdacityDataEng/Projects/Data_Pipelines/dags/udac_example_dag.py took 0.034 seconds
[2021-05-25 08:51:14,866] {scheduler_job.py:154} INFO - Started process (PID=4790) to work on /Users/dhrebenach/Documents/python/UdacityDataEng/Projects/Data_Pipelines/dags/udac_example_dag.py
[2021-05-25 08:51:14,873] {scheduler_job.py:1562} INFO - Processing file /Users/dhrebenach/Documents/python/UdacityDataEng/Projects/Data_Pipelines/dags/udac_example_dag.py for tasks to queue
[2021-05-25 08:51:14,874] {logging_mixin.py:112} INFO - [2021-05-25 08:51:14,874] {dagbag.py:396} INFO - Filling up the DagBag from /Users/dhrebenach/Documents/python/UdacityDataEng/Projects/Data_Pipelines/dags/udac_example_dag.py
[2021-05-25 08:51:14,877] {logging_mixin.py:112} INFO - AWS_KEY:  None
[2021-05-25 08:51:14,882] {scheduler_job.py:1574} INFO - DAG(s) dict_keys(['udac_example_dag']) retrieved from /Users/dhrebenach/Documents/python/UdacityDataEng/Projects/Data_Pipelines/dags/udac_example_dag.py
[2021-05-25 08:51:14,901] {scheduler_job.py:162} INFO - Processing /Users/dhrebenach/Documents/python/UdacityDataEng/Projects/Data_Pipelines/dags/udac_example_dag.py took 0.035 seconds
[2021-05-25 08:52:05,015] {scheduler_job.py:154} INFO - Started process (PID=4822) to work on /Users/dhrebenach/Documents/python/UdacityDataEng/Projects/Data_Pipelines/dags/udac_example_dag.py
[2021-05-25 08:52:05,023] {scheduler_job.py:1562} INFO - Processing file /Users/dhrebenach/Documents/python/UdacityDataEng/Projects/Data_Pipelines/dags/udac_example_dag.py for tasks to queue
[2021-05-25 08:52:05,024] {logging_mixin.py:112} INFO - [2021-05-25 08:52:05,023] {dagbag.py:396} INFO - Filling up the DagBag from /Users/dhrebenach/Documents/python/UdacityDataEng/Projects/Data_Pipelines/dags/udac_example_dag.py
[2021-05-25 08:52:05,028] {logging_mixin.py:112} INFO - AWS_KEY:  None
[2021-05-25 08:52:05,033] {scheduler_job.py:1574} INFO - DAG(s) dict_keys(['udac_example_dag']) retrieved from /Users/dhrebenach/Documents/python/UdacityDataEng/Projects/Data_Pipelines/dags/udac_example_dag.py
[2021-05-25 08:52:05,053] {scheduler_job.py:162} INFO - Processing /Users/dhrebenach/Documents/python/UdacityDataEng/Projects/Data_Pipelines/dags/udac_example_dag.py took 0.038 seconds
[2021-05-25 08:52:55,145] {scheduler_job.py:154} INFO - Started process (PID=4876) to work on /Users/dhrebenach/Documents/python/UdacityDataEng/Projects/Data_Pipelines/dags/udac_example_dag.py
[2021-05-25 08:52:55,154] {scheduler_job.py:1562} INFO - Processing file /Users/dhrebenach/Documents/python/UdacityDataEng/Projects/Data_Pipelines/dags/udac_example_dag.py for tasks to queue
[2021-05-25 08:52:55,155] {logging_mixin.py:112} INFO - [2021-05-25 08:52:55,154] {dagbag.py:396} INFO - Filling up the DagBag from /Users/dhrebenach/Documents/python/UdacityDataEng/Projects/Data_Pipelines/dags/udac_example_dag.py
[2021-05-25 08:52:55,159] {logging_mixin.py:112} INFO - AWS_KEY:  None
[2021-05-25 08:52:55,165] {scheduler_job.py:1574} INFO - DAG(s) dict_keys(['udac_example_dag']) retrieved from /Users/dhrebenach/Documents/python/UdacityDataEng/Projects/Data_Pipelines/dags/udac_example_dag.py
[2021-05-25 08:52:55,186] {scheduler_job.py:162} INFO - Processing /Users/dhrebenach/Documents/python/UdacityDataEng/Projects/Data_Pipelines/dags/udac_example_dag.py took 0.040 seconds
[2021-05-25 08:53:45,288] {scheduler_job.py:154} INFO - Started process (PID=4912) to work on /Users/dhrebenach/Documents/python/UdacityDataEng/Projects/Data_Pipelines/dags/udac_example_dag.py
[2021-05-25 08:53:45,298] {scheduler_job.py:1562} INFO - Processing file /Users/dhrebenach/Documents/python/UdacityDataEng/Projects/Data_Pipelines/dags/udac_example_dag.py for tasks to queue
[2021-05-25 08:53:45,299] {logging_mixin.py:112} INFO - [2021-05-25 08:53:45,299] {dagbag.py:396} INFO - Filling up the DagBag from /Users/dhrebenach/Documents/python/UdacityDataEng/Projects/Data_Pipelines/dags/udac_example_dag.py
[2021-05-25 08:53:45,302] {logging_mixin.py:112} INFO - AWS_KEY:  None
[2021-05-25 08:53:45,306] {scheduler_job.py:1574} INFO - DAG(s) dict_keys(['udac_example_dag']) retrieved from /Users/dhrebenach/Documents/python/UdacityDataEng/Projects/Data_Pipelines/dags/udac_example_dag.py
[2021-05-25 08:53:45,326] {scheduler_job.py:162} INFO - Processing /Users/dhrebenach/Documents/python/UdacityDataEng/Projects/Data_Pipelines/dags/udac_example_dag.py took 0.038 seconds
[2021-05-25 08:54:35,426] {scheduler_job.py:154} INFO - Started process (PID=4953) to work on /Users/dhrebenach/Documents/python/UdacityDataEng/Projects/Data_Pipelines/dags/udac_example_dag.py
[2021-05-25 08:54:35,434] {scheduler_job.py:1562} INFO - Processing file /Users/dhrebenach/Documents/python/UdacityDataEng/Projects/Data_Pipelines/dags/udac_example_dag.py for tasks to queue
[2021-05-25 08:54:35,435] {logging_mixin.py:112} INFO - [2021-05-25 08:54:35,435] {dagbag.py:396} INFO - Filling up the DagBag from /Users/dhrebenach/Documents/python/UdacityDataEng/Projects/Data_Pipelines/dags/udac_example_dag.py
[2021-05-25 08:54:35,439] {logging_mixin.py:112} INFO - AWS_KEY:  None
[2021-05-25 08:54:35,445] {scheduler_job.py:1574} INFO - DAG(s) dict_keys(['udac_example_dag']) retrieved from /Users/dhrebenach/Documents/python/UdacityDataEng/Projects/Data_Pipelines/dags/udac_example_dag.py
[2021-05-25 08:54:35,462] {scheduler_job.py:162} INFO - Processing /Users/dhrebenach/Documents/python/UdacityDataEng/Projects/Data_Pipelines/dags/udac_example_dag.py took 0.036 seconds
[2021-05-25 08:55:25,589] {scheduler_job.py:154} INFO - Started process (PID=4997) to work on /Users/dhrebenach/Documents/python/UdacityDataEng/Projects/Data_Pipelines/dags/udac_example_dag.py
[2021-05-25 08:55:25,598] {scheduler_job.py:1562} INFO - Processing file /Users/dhrebenach/Documents/python/UdacityDataEng/Projects/Data_Pipelines/dags/udac_example_dag.py for tasks to queue
[2021-05-25 08:55:25,599] {logging_mixin.py:112} INFO - [2021-05-25 08:55:25,599] {dagbag.py:396} INFO - Filling up the DagBag from /Users/dhrebenach/Documents/python/UdacityDataEng/Projects/Data_Pipelines/dags/udac_example_dag.py
[2021-05-25 08:55:25,602] {logging_mixin.py:112} INFO - AWS_KEY:  None
[2021-05-25 08:55:25,608] {scheduler_job.py:1574} INFO - DAG(s) dict_keys(['udac_example_dag']) retrieved from /Users/dhrebenach/Documents/python/UdacityDataEng/Projects/Data_Pipelines/dags/udac_example_dag.py
[2021-05-25 08:55:25,632] {scheduler_job.py:1284} INFO - Processing udac_example_dag
[2021-05-25 08:55:25,669] {scheduler_job.py:1294} INFO - Created <DagRun udac_example_dag @ 2019-01-12T23:00:00+00:00: scheduled__2019-01-12T23:00:00+00:00, externally triggered: False>
[2021-05-25 08:55:25,674] {scheduler_job.py:759} INFO - Examining DAG run <DagRun udac_example_dag @ 2019-01-12 22:00:00+00:00: scheduled__2019-01-12T22:00:00+00:00, externally triggered: False>
[2021-05-25 08:55:25,680] {logging_mixin.py:112} INFO - [2021-05-25 08:55:25,680] {dagrun.py:318} INFO - Marking run <DagRun udac_example_dag @ 2019-01-12 22:00:00+00:00: scheduled__2019-01-12T22:00:00+00:00, externally triggered: False> successful
[2021-05-25 08:55:25,683] {scheduler_job.py:759} INFO - Examining DAG run <DagRun udac_example_dag @ 2019-01-12 23:00:00+00:00: scheduled__2019-01-12T23:00:00+00:00, externally triggered: False>
[2021-05-25 08:55:25,696] {scheduler_job.py:447} INFO - Skipping SLA check for <DAG: udac_example_dag> because no tasks in DAG have SLAs
[2021-05-25 08:55:25,699] {scheduler_job.py:1640} INFO - Creating / updating <TaskInstance: udac_example_dag.Begin_execution 2019-01-12 23:00:00+00:00 [success]> in ORM
[2021-05-25 08:55:25,703] {scheduler_job.py:1640} INFO - Creating / updating <TaskInstance: udac_example_dag.Stage_events 2019-01-12 23:00:00+00:00 [scheduled]> in ORM
[2021-05-25 08:55:25,708] {scheduler_job.py:1640} INFO - Creating / updating <TaskInstance: udac_example_dag.Stage_songs 2019-01-12 23:00:00+00:00 [scheduled]> in ORM
[2021-05-25 08:55:25,712] {scheduler_job.py:1640} INFO - Creating / updating <TaskInstance: udac_example_dag.Load_songplays_fact_table 2019-01-12 23:00:00+00:00 [scheduled]> in ORM
[2021-05-25 08:55:25,716] {scheduler_job.py:1640} INFO - Creating / updating <TaskInstance: udac_example_dag.Load_user_dim_table 2019-01-12 23:00:00+00:00 [scheduled]> in ORM
[2021-05-25 08:55:25,720] {scheduler_job.py:1640} INFO - Creating / updating <TaskInstance: udac_example_dag.Load_song_dim_table 2019-01-12 23:00:00+00:00 [scheduled]> in ORM
[2021-05-25 08:55:25,724] {scheduler_job.py:1640} INFO - Creating / updating <TaskInstance: udac_example_dag.Load_artist_dim_table 2019-01-12 23:00:00+00:00 [scheduled]> in ORM
[2021-05-25 08:55:25,727] {scheduler_job.py:1640} INFO - Creating / updating <TaskInstance: udac_example_dag.Load_time_dim_table 2019-01-12 23:00:00+00:00 [scheduled]> in ORM
[2021-05-25 08:55:25,731] {scheduler_job.py:1640} INFO - Creating / updating <TaskInstance: udac_example_dag.Run_data_quality_checks 2019-01-12 23:00:00+00:00 [scheduled]> in ORM
[2021-05-25 08:55:25,734] {scheduler_job.py:1640} INFO - Creating / updating <TaskInstance: udac_example_dag.Stop_execution 2019-01-12 23:00:00+00:00 [success]> in ORM
[2021-05-25 08:55:25,744] {scheduler_job.py:162} INFO - Processing /Users/dhrebenach/Documents/python/UdacityDataEng/Projects/Data_Pipelines/dags/udac_example_dag.py took 0.154 seconds
[2021-05-25 08:57:52,117] {scheduler_job.py:154} INFO - Started process (PID=5090) to work on /Users/dhrebenach/Documents/python/UdacityDataEng/Projects/Data_Pipelines/dags/udac_example_dag.py
[2021-05-25 08:57:52,125] {scheduler_job.py:1562} INFO - Processing file /Users/dhrebenach/Documents/python/UdacityDataEng/Projects/Data_Pipelines/dags/udac_example_dag.py for tasks to queue
[2021-05-25 08:57:52,130] {logging_mixin.py:112} INFO - [2021-05-25 08:57:52,128] {dagbag.py:396} INFO - Filling up the DagBag from /Users/dhrebenach/Documents/python/UdacityDataEng/Projects/Data_Pipelines/dags/udac_example_dag.py
[2021-05-25 08:57:52,135] {logging_mixin.py:112} INFO - AWS_KEY:  None
[2021-05-25 08:57:52,144] {scheduler_job.py:1574} INFO - DAG(s) dict_keys(['udac_example_dag']) retrieved from /Users/dhrebenach/Documents/python/UdacityDataEng/Projects/Data_Pipelines/dags/udac_example_dag.py
[2021-05-25 08:57:52,192] {scheduler_job.py:1284} INFO - Processing udac_example_dag
[2021-05-25 08:57:52,222] {scheduler_job.py:1294} INFO - Created <DagRun udac_example_dag @ 2019-01-13T00:00:00+00:00: scheduled__2019-01-13T00:00:00+00:00, externally triggered: False>
[2021-05-25 08:57:52,225] {scheduler_job.py:759} INFO - Examining DAG run <DagRun udac_example_dag @ 2019-01-12 23:00:00+00:00: scheduled__2019-01-12T23:00:00+00:00, externally triggered: False>
[2021-05-25 08:57:52,233] {logging_mixin.py:112} INFO - [2021-05-25 08:57:52,232] {dagrun.py:318} INFO - Marking run <DagRun udac_example_dag @ 2019-01-12 23:00:00+00:00: scheduled__2019-01-12T23:00:00+00:00, externally triggered: False> successful
[2021-05-25 08:57:52,236] {scheduler_job.py:759} INFO - Examining DAG run <DagRun udac_example_dag @ 2019-01-13 00:00:00+00:00: scheduled__2019-01-13T00:00:00+00:00, externally triggered: False>
[2021-05-25 08:57:52,246] {scheduler_job.py:447} INFO - Skipping SLA check for <DAG: udac_example_dag> because no tasks in DAG have SLAs
[2021-05-25 08:57:52,249] {scheduler_job.py:1640} INFO - Creating / updating <TaskInstance: udac_example_dag.Begin_execution 2019-01-13 00:00:00+00:00 [success]> in ORM
[2021-05-25 08:57:52,254] {scheduler_job.py:1640} INFO - Creating / updating <TaskInstance: udac_example_dag.Stage_events 2019-01-13 00:00:00+00:00 [scheduled]> in ORM
[2021-05-25 08:57:52,257] {scheduler_job.py:1640} INFO - Creating / updating <TaskInstance: udac_example_dag.Stage_songs 2019-01-13 00:00:00+00:00 [scheduled]> in ORM
[2021-05-25 08:57:52,260] {scheduler_job.py:1640} INFO - Creating / updating <TaskInstance: udac_example_dag.Load_songplays_fact_table 2019-01-13 00:00:00+00:00 [scheduled]> in ORM
[2021-05-25 08:57:52,263] {scheduler_job.py:1640} INFO - Creating / updating <TaskInstance: udac_example_dag.Load_user_dim_table 2019-01-13 00:00:00+00:00 [scheduled]> in ORM
[2021-05-25 08:57:52,266] {scheduler_job.py:1640} INFO - Creating / updating <TaskInstance: udac_example_dag.Load_song_dim_table 2019-01-13 00:00:00+00:00 [scheduled]> in ORM
[2021-05-25 08:57:52,269] {scheduler_job.py:1640} INFO - Creating / updating <TaskInstance: udac_example_dag.Load_artist_dim_table 2019-01-13 00:00:00+00:00 [scheduled]> in ORM
[2021-05-25 08:57:52,272] {scheduler_job.py:1640} INFO - Creating / updating <TaskInstance: udac_example_dag.Load_time_dim_table 2019-01-13 00:00:00+00:00 [scheduled]> in ORM
[2021-05-25 08:57:52,275] {scheduler_job.py:1640} INFO - Creating / updating <TaskInstance: udac_example_dag.Run_data_quality_checks 2019-01-13 00:00:00+00:00 [scheduled]> in ORM
[2021-05-25 08:57:52,278] {scheduler_job.py:1640} INFO - Creating / updating <TaskInstance: udac_example_dag.Stop_execution 2019-01-13 00:00:00+00:00 [success]> in ORM
[2021-05-25 08:57:52,285] {scheduler_job.py:162} INFO - Processing /Users/dhrebenach/Documents/python/UdacityDataEng/Projects/Data_Pipelines/dags/udac_example_dag.py took 0.168 seconds
[2021-05-25 09:00:24,240] {scheduler_job.py:154} INFO - Started process (PID=5206) to work on /Users/dhrebenach/Documents/python/UdacityDataEng/Projects/Data_Pipelines/dags/udac_example_dag.py
[2021-05-25 09:00:24,248] {scheduler_job.py:1562} INFO - Processing file /Users/dhrebenach/Documents/python/UdacityDataEng/Projects/Data_Pipelines/dags/udac_example_dag.py for tasks to queue
[2021-05-25 09:00:24,249] {logging_mixin.py:112} INFO - [2021-05-25 09:00:24,249] {dagbag.py:396} INFO - Filling up the DagBag from /Users/dhrebenach/Documents/python/UdacityDataEng/Projects/Data_Pipelines/dags/udac_example_dag.py
[2021-05-25 09:00:24,253] {logging_mixin.py:112} INFO - AWS_KEY:  None
[2021-05-25 09:00:24,261] {scheduler_job.py:1574} INFO - DAG(s) dict_keys(['udac_example_dag']) retrieved from /Users/dhrebenach/Documents/python/UdacityDataEng/Projects/Data_Pipelines/dags/udac_example_dag.py
[2021-05-25 09:00:24,291] {scheduler_job.py:1284} INFO - Processing udac_example_dag
[2021-05-25 09:00:24,330] {scheduler_job.py:1294} INFO - Created <DagRun udac_example_dag @ 2019-01-13T01:00:00+00:00: scheduled__2019-01-13T01:00:00+00:00, externally triggered: False>
[2021-05-25 09:00:24,334] {scheduler_job.py:759} INFO - Examining DAG run <DagRun udac_example_dag @ 2019-01-13 00:00:00+00:00: scheduled__2019-01-13T00:00:00+00:00, externally triggered: False>
[2021-05-25 09:00:24,343] {logging_mixin.py:112} INFO - [2021-05-25 09:00:24,342] {dagrun.py:318} INFO - Marking run <DagRun udac_example_dag @ 2019-01-13 00:00:00+00:00: scheduled__2019-01-13T00:00:00+00:00, externally triggered: False> successful
[2021-05-25 09:00:24,347] {scheduler_job.py:759} INFO - Examining DAG run <DagRun udac_example_dag @ 2019-01-13 01:00:00+00:00: scheduled__2019-01-13T01:00:00+00:00, externally triggered: False>
[2021-05-25 09:00:24,361] {scheduler_job.py:447} INFO - Skipping SLA check for <DAG: udac_example_dag> because no tasks in DAG have SLAs
[2021-05-25 09:00:24,365] {scheduler_job.py:1640} INFO - Creating / updating <TaskInstance: udac_example_dag.Begin_execution 2019-01-13 01:00:00+00:00 [success]> in ORM
[2021-05-25 09:00:24,368] {scheduler_job.py:1640} INFO - Creating / updating <TaskInstance: udac_example_dag.Stage_events 2019-01-13 01:00:00+00:00 [scheduled]> in ORM
[2021-05-25 09:00:24,372] {scheduler_job.py:1640} INFO - Creating / updating <TaskInstance: udac_example_dag.Stage_songs 2019-01-13 01:00:00+00:00 [scheduled]> in ORM
[2021-05-25 09:00:24,376] {scheduler_job.py:1640} INFO - Creating / updating <TaskInstance: udac_example_dag.Load_songplays_fact_table 2019-01-13 01:00:00+00:00 [scheduled]> in ORM
[2021-05-25 09:00:24,379] {scheduler_job.py:1640} INFO - Creating / updating <TaskInstance: udac_example_dag.Load_user_dim_table 2019-01-13 01:00:00+00:00 [scheduled]> in ORM
[2021-05-25 09:00:24,382] {scheduler_job.py:1640} INFO - Creating / updating <TaskInstance: udac_example_dag.Load_song_dim_table 2019-01-13 01:00:00+00:00 [scheduled]> in ORM
[2021-05-25 09:00:24,386] {scheduler_job.py:1640} INFO - Creating / updating <TaskInstance: udac_example_dag.Load_artist_dim_table 2019-01-13 01:00:00+00:00 [scheduled]> in ORM
[2021-05-25 09:00:24,390] {scheduler_job.py:1640} INFO - Creating / updating <TaskInstance: udac_example_dag.Load_time_dim_table 2019-01-13 01:00:00+00:00 [scheduled]> in ORM
[2021-05-25 09:00:24,393] {scheduler_job.py:1640} INFO - Creating / updating <TaskInstance: udac_example_dag.Run_data_quality_checks 2019-01-13 01:00:00+00:00 [scheduled]> in ORM
[2021-05-25 09:00:24,397] {scheduler_job.py:1640} INFO - Creating / updating <TaskInstance: udac_example_dag.Stop_execution 2019-01-13 01:00:00+00:00 [success]> in ORM
[2021-05-25 09:00:24,405] {scheduler_job.py:162} INFO - Processing /Users/dhrebenach/Documents/python/UdacityDataEng/Projects/Data_Pipelines/dags/udac_example_dag.py took 0.165 seconds
[2021-05-25 09:02:52,998] {scheduler_job.py:154} INFO - Started process (PID=5306) to work on /Users/dhrebenach/Documents/python/UdacityDataEng/Projects/Data_Pipelines/dags/udac_example_dag.py
[2021-05-25 09:02:53,006] {scheduler_job.py:1562} INFO - Processing file /Users/dhrebenach/Documents/python/UdacityDataEng/Projects/Data_Pipelines/dags/udac_example_dag.py for tasks to queue
[2021-05-25 09:02:53,007] {logging_mixin.py:112} INFO - [2021-05-25 09:02:53,007] {dagbag.py:396} INFO - Filling up the DagBag from /Users/dhrebenach/Documents/python/UdacityDataEng/Projects/Data_Pipelines/dags/udac_example_dag.py
[2021-05-25 09:02:53,010] {logging_mixin.py:112} INFO - AWS_KEY:  None
[2021-05-25 09:02:53,015] {scheduler_job.py:1574} INFO - DAG(s) dict_keys(['udac_example_dag']) retrieved from /Users/dhrebenach/Documents/python/UdacityDataEng/Projects/Data_Pipelines/dags/udac_example_dag.py
[2021-05-25 09:02:53,039] {scheduler_job.py:1284} INFO - Processing udac_example_dag
[2021-05-25 09:02:53,066] {scheduler_job.py:1294} INFO - Created <DagRun udac_example_dag @ 2019-01-13T02:00:00+00:00: scheduled__2019-01-13T02:00:00+00:00, externally triggered: False>
[2021-05-25 09:02:53,074] {scheduler_job.py:759} INFO - Examining DAG run <DagRun udac_example_dag @ 2019-01-13 01:00:00+00:00: scheduled__2019-01-13T01:00:00+00:00, externally triggered: False>
[2021-05-25 09:02:53,082] {logging_mixin.py:112} INFO - [2021-05-25 09:02:53,081] {dagrun.py:318} INFO - Marking run <DagRun udac_example_dag @ 2019-01-13 01:00:00+00:00: scheduled__2019-01-13T01:00:00+00:00, externally triggered: False> successful
[2021-05-25 09:02:53,085] {scheduler_job.py:759} INFO - Examining DAG run <DagRun udac_example_dag @ 2019-01-13 02:00:00+00:00: scheduled__2019-01-13T02:00:00+00:00, externally triggered: False>
[2021-05-25 09:02:53,098] {scheduler_job.py:447} INFO - Skipping SLA check for <DAG: udac_example_dag> because no tasks in DAG have SLAs
[2021-05-25 09:02:53,103] {scheduler_job.py:1640} INFO - Creating / updating <TaskInstance: udac_example_dag.Begin_execution 2019-01-13 02:00:00+00:00 [success]> in ORM
[2021-05-25 09:02:53,107] {scheduler_job.py:1640} INFO - Creating / updating <TaskInstance: udac_example_dag.Stage_events 2019-01-13 02:00:00+00:00 [scheduled]> in ORM
[2021-05-25 09:02:53,110] {scheduler_job.py:1640} INFO - Creating / updating <TaskInstance: udac_example_dag.Stage_songs 2019-01-13 02:00:00+00:00 [scheduled]> in ORM
[2021-05-25 09:02:53,113] {scheduler_job.py:1640} INFO - Creating / updating <TaskInstance: udac_example_dag.Load_songplays_fact_table 2019-01-13 02:00:00+00:00 [scheduled]> in ORM
[2021-05-25 09:02:53,116] {scheduler_job.py:1640} INFO - Creating / updating <TaskInstance: udac_example_dag.Load_user_dim_table 2019-01-13 02:00:00+00:00 [scheduled]> in ORM
[2021-05-25 09:02:53,119] {scheduler_job.py:1640} INFO - Creating / updating <TaskInstance: udac_example_dag.Load_song_dim_table 2019-01-13 02:00:00+00:00 [scheduled]> in ORM
[2021-05-25 09:02:53,122] {scheduler_job.py:1640} INFO - Creating / updating <TaskInstance: udac_example_dag.Load_artist_dim_table 2019-01-13 02:00:00+00:00 [scheduled]> in ORM
[2021-05-25 09:02:53,126] {scheduler_job.py:1640} INFO - Creating / updating <TaskInstance: udac_example_dag.Load_time_dim_table 2019-01-13 02:00:00+00:00 [scheduled]> in ORM
[2021-05-25 09:02:53,129] {scheduler_job.py:1640} INFO - Creating / updating <TaskInstance: udac_example_dag.Run_data_quality_checks 2019-01-13 02:00:00+00:00 [scheduled]> in ORM
[2021-05-25 09:02:53,132] {scheduler_job.py:1640} INFO - Creating / updating <TaskInstance: udac_example_dag.Stop_execution 2019-01-13 02:00:00+00:00 [success]> in ORM
[2021-05-25 09:02:53,139] {scheduler_job.py:162} INFO - Processing /Users/dhrebenach/Documents/python/UdacityDataEng/Projects/Data_Pipelines/dags/udac_example_dag.py took 0.141 seconds
[2021-05-25 09:05:24,940] {scheduler_job.py:154} INFO - Started process (PID=5432) to work on /Users/dhrebenach/Documents/python/UdacityDataEng/Projects/Data_Pipelines/dags/udac_example_dag.py
[2021-05-25 09:05:24,949] {scheduler_job.py:1562} INFO - Processing file /Users/dhrebenach/Documents/python/UdacityDataEng/Projects/Data_Pipelines/dags/udac_example_dag.py for tasks to queue
[2021-05-25 09:05:24,950] {logging_mixin.py:112} INFO - [2021-05-25 09:05:24,949] {dagbag.py:396} INFO - Filling up the DagBag from /Users/dhrebenach/Documents/python/UdacityDataEng/Projects/Data_Pipelines/dags/udac_example_dag.py
[2021-05-25 09:05:24,953] {logging_mixin.py:112} INFO - AWS_KEY:  None
[2021-05-25 09:05:24,960] {scheduler_job.py:1574} INFO - DAG(s) dict_keys(['udac_example_dag']) retrieved from /Users/dhrebenach/Documents/python/UdacityDataEng/Projects/Data_Pipelines/dags/udac_example_dag.py
[2021-05-25 09:05:24,986] {scheduler_job.py:1284} INFO - Processing udac_example_dag
[2021-05-25 09:05:25,014] {scheduler_job.py:1294} INFO - Created <DagRun udac_example_dag @ 2019-01-13T03:00:00+00:00: scheduled__2019-01-13T03:00:00+00:00, externally triggered: False>
[2021-05-25 09:05:25,017] {scheduler_job.py:759} INFO - Examining DAG run <DagRun udac_example_dag @ 2019-01-13 02:00:00+00:00: scheduled__2019-01-13T02:00:00+00:00, externally triggered: False>
[2021-05-25 09:05:25,025] {logging_mixin.py:112} INFO - [2021-05-25 09:05:25,025] {dagrun.py:318} INFO - Marking run <DagRun udac_example_dag @ 2019-01-13 02:00:00+00:00: scheduled__2019-01-13T02:00:00+00:00, externally triggered: False> successful
[2021-05-25 09:05:25,028] {scheduler_job.py:759} INFO - Examining DAG run <DagRun udac_example_dag @ 2019-01-13 03:00:00+00:00: scheduled__2019-01-13T03:00:00+00:00, externally triggered: False>
[2021-05-25 09:05:25,039] {scheduler_job.py:447} INFO - Skipping SLA check for <DAG: udac_example_dag> because no tasks in DAG have SLAs
[2021-05-25 09:05:25,042] {scheduler_job.py:1640} INFO - Creating / updating <TaskInstance: udac_example_dag.Begin_execution 2019-01-13 03:00:00+00:00 [success]> in ORM
[2021-05-25 09:05:25,047] {scheduler_job.py:1640} INFO - Creating / updating <TaskInstance: udac_example_dag.Stage_events 2019-01-13 03:00:00+00:00 [scheduled]> in ORM
[2021-05-25 09:05:25,050] {scheduler_job.py:1640} INFO - Creating / updating <TaskInstance: udac_example_dag.Stage_songs 2019-01-13 03:00:00+00:00 [scheduled]> in ORM
[2021-05-25 09:05:25,052] {scheduler_job.py:1640} INFO - Creating / updating <TaskInstance: udac_example_dag.Load_songplays_fact_table 2019-01-13 03:00:00+00:00 [scheduled]> in ORM
[2021-05-25 09:05:25,056] {scheduler_job.py:1640} INFO - Creating / updating <TaskInstance: udac_example_dag.Load_user_dim_table 2019-01-13 03:00:00+00:00 [scheduled]> in ORM
[2021-05-25 09:05:25,060] {scheduler_job.py:1640} INFO - Creating / updating <TaskInstance: udac_example_dag.Load_song_dim_table 2019-01-13 03:00:00+00:00 [scheduled]> in ORM
[2021-05-25 09:05:25,063] {scheduler_job.py:1640} INFO - Creating / updating <TaskInstance: udac_example_dag.Load_artist_dim_table 2019-01-13 03:00:00+00:00 [scheduled]> in ORM
[2021-05-25 09:05:25,066] {scheduler_job.py:1640} INFO - Creating / updating <TaskInstance: udac_example_dag.Load_time_dim_table 2019-01-13 03:00:00+00:00 [scheduled]> in ORM
[2021-05-25 09:05:25,070] {scheduler_job.py:1640} INFO - Creating / updating <TaskInstance: udac_example_dag.Run_data_quality_checks 2019-01-13 03:00:00+00:00 [scheduled]> in ORM
[2021-05-25 09:05:25,073] {scheduler_job.py:1640} INFO - Creating / updating <TaskInstance: udac_example_dag.Stop_execution 2019-01-13 03:00:00+00:00 [success]> in ORM
[2021-05-25 09:05:25,080] {scheduler_job.py:162} INFO - Processing /Users/dhrebenach/Documents/python/UdacityDataEng/Projects/Data_Pipelines/dags/udac_example_dag.py took 0.140 seconds
[2021-05-25 09:24:13,493] {scheduler_job.py:154} INFO - Started process (PID=6752) to work on /Users/dhrebenach/Documents/python/UdacityDataEng/Projects/Data_Pipelines/dags/udac_example_dag.py
[2021-05-25 09:24:13,501] {scheduler_job.py:1562} INFO - Processing file /Users/dhrebenach/Documents/python/UdacityDataEng/Projects/Data_Pipelines/dags/udac_example_dag.py for tasks to queue
[2021-05-25 09:24:13,502] {logging_mixin.py:112} INFO - [2021-05-25 09:24:13,502] {dagbag.py:396} INFO - Filling up the DagBag from /Users/dhrebenach/Documents/python/UdacityDataEng/Projects/Data_Pipelines/dags/udac_example_dag.py
[2021-05-25 09:24:13,516] {scheduler_job.py:1574} INFO - DAG(s) dict_keys(['udac_example_dag']) retrieved from /Users/dhrebenach/Documents/python/UdacityDataEng/Projects/Data_Pipelines/dags/udac_example_dag.py
[2021-05-25 09:24:13,541] {scheduler_job.py:1284} INFO - Processing udac_example_dag
[2021-05-25 09:24:13,574] {scheduler_job.py:1294} INFO - Created <DagRun udac_example_dag @ 2019-01-13T04:00:00+00:00: scheduled__2019-01-13T04:00:00+00:00, externally triggered: False>
[2021-05-25 09:24:13,578] {scheduler_job.py:759} INFO - Examining DAG run <DagRun udac_example_dag @ 2019-01-13 03:00:00+00:00: scheduled__2019-01-13T03:00:00+00:00, externally triggered: False>
[2021-05-25 09:24:13,589] {scheduler_job.py:759} INFO - Examining DAG run <DagRun udac_example_dag @ 2019-01-13 04:00:00+00:00: scheduled__2019-01-13T04:00:00+00:00, externally triggered: False>
[2021-05-25 09:24:13,626] {scheduler_job.py:447} INFO - Skipping SLA check for <DAG: udac_example_dag> because no tasks in DAG have SLAs
[2021-05-25 09:24:13,629] {scheduler_job.py:1640} INFO - Creating / updating <TaskInstance: udac_example_dag.Create_tables 2019-01-13 03:00:00+00:00 [scheduled]> in ORM
[2021-05-25 09:24:13,632] {scheduler_job.py:1640} INFO - Creating / updating <TaskInstance: udac_example_dag.Create_tables 2019-01-13 04:00:00+00:00 [scheduled]> in ORM
[2021-05-25 09:24:13,635] {scheduler_job.py:1640} INFO - Creating / updating <TaskInstance: udac_example_dag.Begin_execution 2019-01-13 04:00:00+00:00 [success]> in ORM
[2021-05-25 09:24:13,643] {scheduler_job.py:162} INFO - Processing /Users/dhrebenach/Documents/python/UdacityDataEng/Projects/Data_Pipelines/dags/udac_example_dag.py took 0.150 seconds
